<?xml version="1.0" encoding="UTF-8"?>
<robot generator="Robot 4.1.3 (Python 3.8.10 on linux)" generated="20220206 16:49:02.296" rpa="false" schemaversion="2">
<suite id="s1" name="Tests" source="/media/lucas/ARQUIVOS/dev/robotframework/parodify/tests">
<suite id="s1-s1" name="Login" source="/media/lucas/ARQUIVOS/dev/robotframework/parodify/tests/login.robot">
<test id="s1-s1-t1" name="Login com sucesso">
<kw name="New Page" library="Browser" type="SETUP">
<arg>https://parodify.herokuapp.com/users/sign_in</arg>
<tag>BrowserControl</tag>
<tag>Setter</tag>
<doc>Open a new Page.</doc>
<msg timestamp="20220206 16:49:05.084" level="INFO">Successfully initialized new page object and opened url: https://parodify.herokuapp.com/users/sign_in</msg>
<msg timestamp="20220206 16:49:05.084" level="INFO">No browser and context was open. New browser and context was automatically opened when page is created.</msg>
<status status="PASS" starttime="20220206 16:49:02.766" endtime="20220206 16:49:05.084"/>
</kw>
<kw name="Get Text" library="Browser">
<arg>[for=user_email]</arg>
<arg>contains</arg>
<arg>Email</arg>
<tag>Assertion</tag>
<tag>Getter</tag>
<tag>PageContent</tag>
<doc>Returns text attribute of the element found by ``selector``.</doc>
<status status="PASS" starttime="20220206 16:49:05.084" endtime="20220206 16:49:05.119"/>
</kw>
<kw name="Login With" library="auth">
<arg>lucas@mail.com</arg>
<arg>qweqwe</arg>
<kw name="Fill Text" library="Browser">
<arg>id=user_email</arg>
<arg>${email}</arg>
<tag>PageContent</tag>
<tag>Setter</tag>
<doc>Clears and fills the given ``txt`` into the text field found by ``selector``.</doc>
<msg timestamp="20220206 16:49:05.120" level="INFO">Fills the text 'lucas@mail.com' in the given field.</msg>
<status status="PASS" starttime="20220206 16:49:05.120" endtime="20220206 16:49:05.133"/>
</kw>
<kw name="Fill Text" library="Browser">
<arg>css=#user_password</arg>
<arg>${password}</arg>
<tag>PageContent</tag>
<tag>Setter</tag>
<doc>Clears and fills the given ``txt`` into the text field found by ``selector``.</doc>
<msg timestamp="20220206 16:49:05.134" level="INFO">Fills the text 'qweqwe' in the given field.</msg>
<status status="PASS" starttime="20220206 16:49:05.134" endtime="20220206 16:49:05.143"/>
</kw>
<kw name="Click" library="Browser">
<arg>css=input[type=submit]</arg>
<tag>PageContent</tag>
<tag>Setter</tag>
<doc>Simulates mouse click on the element found by ``selector``.</doc>
<status status="PASS" starttime="20220206 16:49:05.143" endtime="20220206 16:49:05.785"/>
</kw>
<status status="PASS" starttime="20220206 16:49:05.119" endtime="20220206 16:49:05.785"/>
</kw>
<kw name="Logout Link Should Be Visible" library="auth">
<kw name="Wait For Elements State" library="Browser">
<arg>${LOGOUT_LINK}</arg>
<arg>visible</arg>
<arg>10</arg>
<tag>PageContent</tag>
<tag>Wait</tag>
<doc>Waits for the element found by ``selector`` to satisfy state option.</doc>
<msg timestamp="20220206 16:49:05.958" level="INFO">Waited for Element with selector css=a[href$=sign_out] at state visible</msg>
<status status="PASS" starttime="20220206 16:49:05.785" endtime="20220206 16:49:05.958"/>
</kw>
<status status="PASS" starttime="20220206 16:49:05.785" endtime="20220206 16:49:05.958"/>
</kw>
<kw name="Take Screenshot" library="Browser" type="TEARDOWN">
<tag>PageContent</tag>
<doc>Takes a screenshot of the current window or element and saves it to disk.</doc>
<msg timestamp="20220206 16:49:06.020" level="INFO" html="true">&lt;/td&gt;&lt;/tr&gt;&lt;tr&gt;&lt;td colspan="3"&gt;&lt;a href="browser/screenshot/robotframework-browser-screenshot-1.png"&gt;&lt;img src="browser/screenshot/robotframework-browser-screenshot-1.png" width="800px"&gt;&lt;/a&gt;</msg>
<status status="PASS" starttime="20220206 16:49:05.959" endtime="20220206 16:49:06.020"/>
</kw>
<tag>smoke</tag>
<status status="PASS" starttime="20220206 16:49:02.764" endtime="20220206 16:49:06.020"/>
</test>
<test id="s1-s1-t2" name="Senha incorreta">
<kw name="New Page" library="Browser" type="SETUP">
<arg>https://parodify.herokuapp.com/users/sign_in</arg>
<tag>BrowserControl</tag>
<tag>Setter</tag>
<doc>Open a new Page.</doc>
<msg timestamp="20220206 16:49:08.408" level="INFO">Successfully initialized new page object and opened url: https://parodify.herokuapp.com/users/sign_in</msg>
<msg timestamp="20220206 16:49:08.409" level="INFO">No context was open. New context was automatically opened when this page is created.</msg>
<status status="PASS" starttime="20220206 16:49:06.048" endtime="20220206 16:49:08.409"/>
</kw>
<kw name="Get Text" library="Browser">
<arg>[for=user_email]</arg>
<arg>contains</arg>
<arg>Email</arg>
<tag>Assertion</tag>
<tag>Getter</tag>
<tag>PageContent</tag>
<doc>Returns text attribute of the element found by ``selector``.</doc>
<status status="PASS" starttime="20220206 16:49:08.409" endtime="20220206 16:49:08.448"/>
</kw>
<kw name="Login With" library="auth">
<arg>lucas@mail.com</arg>
<arg>123</arg>
<kw name="Fill Text" library="Browser">
<arg>id=user_email</arg>
<arg>${email}</arg>
<tag>PageContent</tag>
<tag>Setter</tag>
<doc>Clears and fills the given ``txt`` into the text field found by ``selector``.</doc>
<msg timestamp="20220206 16:49:08.449" level="INFO">Fills the text 'lucas@mail.com' in the given field.</msg>
<status status="PASS" starttime="20220206 16:49:08.449" endtime="20220206 16:49:08.471"/>
</kw>
<kw name="Fill Text" library="Browser">
<arg>css=#user_password</arg>
<arg>${password}</arg>
<tag>PageContent</tag>
<tag>Setter</tag>
<doc>Clears and fills the given ``txt`` into the text field found by ``selector``.</doc>
<msg timestamp="20220206 16:49:08.472" level="INFO">Fills the text '123' in the given field.</msg>
<status status="PASS" starttime="20220206 16:49:08.471" endtime="20220206 16:49:08.491"/>
</kw>
<kw name="Click" library="Browser">
<arg>css=input[type=submit]</arg>
<tag>PageContent</tag>
<tag>Setter</tag>
<doc>Simulates mouse click on the element found by ``selector``.</doc>
<status status="PASS" starttime="20220206 16:49:08.491" endtime="20220206 16:49:08.978"/>
</kw>
<status status="PASS" starttime="20220206 16:49:08.449" endtime="20220206 16:49:08.978"/>
</kw>
<kw name="Alert Should Be" library="auth">
<arg>Oops! Email e/ou senha incorretos.</arg>
<kw name="Get Text" library="Browser">
<arg>article.is-danger</arg>
<arg>==</arg>
<arg>${expect}</arg>
<tag>Assertion</tag>
<tag>Getter</tag>
<tag>PageContent</tag>
<doc>Returns text attribute of the element found by ``selector``.</doc>
<status status="PASS" starttime="20220206 16:49:08.979" endtime="20220206 16:49:09.058"/>
</kw>
<status status="PASS" starttime="20220206 16:49:08.978" endtime="20220206 16:49:09.059"/>
</kw>
<kw name="Take Screenshot" library="Browser" type="TEARDOWN">
<tag>PageContent</tag>
<doc>Takes a screenshot of the current window or element and saves it to disk.</doc>
<msg timestamp="20220206 16:49:09.193" level="INFO" html="true">&lt;/td&gt;&lt;/tr&gt;&lt;tr&gt;&lt;td colspan="3"&gt;&lt;a href="browser/screenshot/robotframework-browser-screenshot-2.png"&gt;&lt;img src="browser/screenshot/robotframework-browser-screenshot-2.png" width="800px"&gt;&lt;/a&gt;</msg>
<status status="PASS" starttime="20220206 16:49:09.059" endtime="20220206 16:49:09.193"/>
</kw>
<status status="PASS" starttime="20220206 16:49:06.044" endtime="20220206 16:49:09.194"/>
</test>
<test id="s1-s1-t3" name="Email não informado">
<kw name="New Page" library="Browser" type="SETUP">
<arg>https://parodify.herokuapp.com/users/sign_in</arg>
<tag>BrowserControl</tag>
<tag>Setter</tag>
<doc>Open a new Page.</doc>
<msg timestamp="20220206 16:49:11.767" level="INFO">Successfully initialized new page object and opened url: https://parodify.herokuapp.com/users/sign_in</msg>
<msg timestamp="20220206 16:49:11.767" level="INFO">No context was open. New context was automatically opened when this page is created.</msg>
<status status="PASS" starttime="20220206 16:49:09.246" endtime="20220206 16:49:11.767"/>
</kw>
<kw name="Get Text" library="Browser">
<arg>[for=user_email]</arg>
<arg>contains</arg>
<arg>Email</arg>
<tag>Assertion</tag>
<tag>Getter</tag>
<tag>PageContent</tag>
<doc>Returns text attribute of the element found by ``selector``.</doc>
<status status="PASS" starttime="20220206 16:49:11.767" endtime="20220206 16:49:11.802"/>
</kw>
<kw name="Login With" library="auth">
<arg>lucas@mail.com</arg>
<arg>123</arg>
<kw name="Fill Text" library="Browser">
<arg>id=user_email</arg>
<arg>${email}</arg>
<tag>PageContent</tag>
<tag>Setter</tag>
<doc>Clears and fills the given ``txt`` into the text field found by ``selector``.</doc>
<msg timestamp="20220206 16:49:11.803" level="INFO">Fills the text 'lucas@mail.com' in the given field.</msg>
<status status="PASS" starttime="20220206 16:49:11.803" endtime="20220206 16:49:11.817"/>
</kw>
<kw name="Fill Text" library="Browser">
<arg>css=#user_password</arg>
<arg>${password}</arg>
<tag>PageContent</tag>
<tag>Setter</tag>
<doc>Clears and fills the given ``txt`` into the text field found by ``selector``.</doc>
<msg timestamp="20220206 16:49:11.818" level="INFO">Fills the text '123' in the given field.</msg>
<status status="PASS" starttime="20220206 16:49:11.817" endtime="20220206 16:49:11.831"/>
</kw>
<kw name="Click" library="Browser">
<arg>css=input[type=submit]</arg>
<tag>PageContent</tag>
<tag>Setter</tag>
<doc>Simulates mouse click on the element found by ``selector``.</doc>
<status status="PASS" starttime="20220206 16:49:11.831" endtime="20220206 16:49:12.346"/>
</kw>
<status status="PASS" starttime="20220206 16:49:11.802" endtime="20220206 16:49:12.346"/>
</kw>
<kw name="Take Screenshot" library="Browser" type="TEARDOWN">
<tag>PageContent</tag>
<doc>Takes a screenshot of the current window or element and saves it to disk.</doc>
<msg timestamp="20220206 16:49:12.545" level="INFO" html="true">&lt;/td&gt;&lt;/tr&gt;&lt;tr&gt;&lt;td colspan="3"&gt;&lt;a href="browser/screenshot/robotframework-browser-screenshot-3.png"&gt;&lt;img src="browser/screenshot/robotframework-browser-screenshot-3.png" width="800px"&gt;&lt;/a&gt;</msg>
<status status="PASS" starttime="20220206 16:49:12.346" endtime="20220206 16:49:12.545"/>
</kw>
<status status="PASS" starttime="20220206 16:49:09.234" endtime="20220206 16:49:12.545"/>
</test>
<doc>Teste da página login</doc>
<status status="PASS" starttime="20220206 16:49:02.312" endtime="20220206 16:49:12.577"/>
</suite>
<suite id="s1-s2" name="Player" source="/media/lucas/ARQUIVOS/dev/robotframework/parodify/tests/player.robot">
<test id="s1-s2-t1" name="Reproduzir paródia Bug de Manhã">
<kw name="Open Login Page" library="auth">
<kw name="New Page" library="Browser">
<arg>https://parodify.herokuapp.com/users/sign_in</arg>
<tag>BrowserControl</tag>
<tag>Setter</tag>
<doc>Open a new Page.</doc>
<msg timestamp="20220206 16:49:14.758" level="INFO">Successfully initialized new page object and opened url: https://parodify.herokuapp.com/users/sign_in</msg>
<msg timestamp="20220206 16:49:14.758" level="INFO">No context was open. New context was automatically opened when this page is created.</msg>
<status status="PASS" starttime="20220206 16:49:12.599" endtime="20220206 16:49:14.758"/>
</kw>
<status status="PASS" starttime="20220206 16:49:12.599" endtime="20220206 16:49:14.758"/>
</kw>
<kw name="Login With" library="auth">
<arg>lucas@mail.com</arg>
<arg>qweqwe</arg>
<kw name="Fill Text" library="Browser">
<arg>id=user_email</arg>
<arg>${email}</arg>
<tag>PageContent</tag>
<tag>Setter</tag>
<doc>Clears and fills the given ``txt`` into the text field found by ``selector``.</doc>
<msg timestamp="20220206 16:49:14.759" level="INFO">Fills the text 'lucas@mail.com' in the given field.</msg>
<status status="PASS" starttime="20220206 16:49:14.759" endtime="20220206 16:49:14.781"/>
</kw>
<kw name="Fill Text" library="Browser">
<arg>css=#user_password</arg>
<arg>${password}</arg>
<tag>PageContent</tag>
<tag>Setter</tag>
<doc>Clears and fills the given ``txt`` into the text field found by ``selector``.</doc>
<msg timestamp="20220206 16:49:14.782" level="INFO">Fills the text 'qweqwe' in the given field.</msg>
<status status="PASS" starttime="20220206 16:49:14.781" endtime="20220206 16:49:14.800"/>
</kw>
<kw name="Click" library="Browser">
<arg>css=input[type=submit]</arg>
<tag>PageContent</tag>
<tag>Setter</tag>
<doc>Simulates mouse click on the element found by ``selector``.</doc>
<status status="PASS" starttime="20220206 16:49:14.800" endtime="20220206 16:49:15.357"/>
</kw>
<status status="PASS" starttime="20220206 16:49:14.759" endtime="20220206 16:49:15.357"/>
</kw>
<kw name="Logout Link Should Be Visible" library="auth">
<kw name="Wait For Elements State" library="Browser">
<arg>${LOGOUT_LINK}</arg>
<arg>visible</arg>
<arg>10</arg>
<tag>PageContent</tag>
<tag>Wait</tag>
<doc>Waits for the element found by ``selector`` to satisfy state option.</doc>
<msg timestamp="20220206 16:49:15.449" level="INFO">Waited for Element with selector css=a[href$=sign_out] at state visible</msg>
<status status="PASS" starttime="20220206 16:49:15.357" endtime="20220206 16:49:15.450"/>
</kw>
<status status="PASS" starttime="20220206 16:49:15.357" endtime="20220206 16:49:15.450"/>
</kw>
<kw name="Go to Search Page" library="nav">
<kw name="Click" library="Browser">
<arg>css=a[href*=search]</arg>
<tag>PageContent</tag>
<tag>Setter</tag>
<doc>Simulates mouse click on the element found by ``selector``.</doc>
<status status="PASS" starttime="20220206 16:49:15.450" endtime="20220206 16:49:15.505"/>
</kw>
<kw name="Wait For Elements State" library="Browser">
<arg>xpath=//h2[contains(text(), "Buscar")]</arg>
<arg>visible</arg>
<arg>10</arg>
<tag>PageContent</tag>
<tag>Wait</tag>
<doc>Waits for the element found by ``selector`` to satisfy state option.</doc>
<msg timestamp="20220206 16:49:15.756" level="INFO">Waited for Element with selector xpath=//h2[contains(text(), "Buscar")] at state visible</msg>
<status status="PASS" starttime="20220206 16:49:15.505" endtime="20220206 16:49:15.756"/>
</kw>
<status status="PASS" starttime="20220206 16:49:15.450" endtime="20220206 16:49:15.756"/>
</kw>
<kw name="Go to Sertanejo Category" library="nav">
<kw name="Click" library="Browser">
<arg>xpath=//img[contains(@src, "sertanejo.png")]/..</arg>
<tag>PageContent</tag>
<tag>Setter</tag>
<doc>Simulates mouse click on the element found by ``selector``.</doc>
<status status="PASS" starttime="20220206 16:49:15.757" endtime="20220206 16:49:16.127"/>
</kw>
<kw name="Wait For Elements State" library="Browser">
<arg>xpath=//h2[contains(text(), "Sertanejo")]</arg>
<arg>visible</arg>
<arg>10</arg>
<tag>PageContent</tag>
<tag>Wait</tag>
<doc>Waits for the element found by ``selector`` to satisfy state option.</doc>
<msg timestamp="20220206 16:49:16.361" level="INFO">Waited for Element with selector xpath=//h2[contains(text(), "Sertanejo")] at state visible</msg>
<status status="PASS" starttime="20220206 16:49:16.127" endtime="20220206 16:49:16.362"/>
</kw>
<status status="PASS" starttime="20220206 16:49:15.757" endtime="20220206 16:49:16.362"/>
</kw>
<kw name="Open Album From" library="nav">
<arg>Marcus e Debug</arg>
<kw name="Click" library="Browser">
<arg>xpath=//div[contains(@id, "albums")]//p[contains(text(), "${artist}")]/..</arg>
<tag>PageContent</tag>
<tag>Setter</tag>
<doc>Simulates mouse click on the element found by ``selector``.</doc>
<status status="PASS" starttime="20220206 16:49:16.363" endtime="20220206 16:49:16.435"/>
</kw>
<kw name="Wait For Elements State" library="Browser">
<arg>xpath=//h2[contains(text(), "Músicas")]</arg>
<arg>visible</arg>
<arg>10</arg>
<tag>PageContent</tag>
<tag>Wait</tag>
<doc>Waits for the element found by ``selector`` to satisfy state option.</doc>
<msg timestamp="20220206 16:49:16.780" level="INFO">Waited for Element with selector xpath=//h2[contains(text(), "Músicas")] at state visible</msg>
<status status="PASS" starttime="20220206 16:49:16.435" endtime="20220206 16:49:16.780"/>
</kw>
<status status="PASS" starttime="20220206 16:49:16.362" endtime="20220206 16:49:16.781"/>
</kw>
<kw name="Play Song" library="song">
<arg>Bug de Manhã</arg>
<kw name="Click" library="Browser">
<arg>xpath=//h2[contains(text(), "${song_name}")]/../..//div[contains(@class, "play")]//a</arg>
<tag>PageContent</tag>
<tag>Setter</tag>
<doc>Simulates mouse click on the element found by ``selector``.</doc>
<status status="PASS" starttime="20220206 16:49:16.783" endtime="20220206 16:49:16.894"/>
</kw>
<status status="PASS" starttime="20220206 16:49:16.781" endtime="20220206 16:49:16.895"/>
</kw>
<kw name="Song Should Be Playing" library="song">
<arg>Bug de Manhã</arg>
<kw name="Get Style" library="Browser">
<arg>xpath=//h2[contains(text(), "${song_name}")]/../../..</arg>
<arg>color</arg>
<arg>equal</arg>
<arg>rgb(225, 0, 180)</arg>
<tag>Assertion</tag>
<tag>Getter</tag>
<tag>PageContent</tag>
<doc>Gets the computed style properties of the element selected by ``selector``.</doc>
<msg timestamp="20220206 16:49:16.995" level="INFO">Value of key: color</msg>
<msg timestamp="20220206 16:49:16.995" level="INFO">Value of selected property: rgb(225, 0, 180)</msg>
<status status="PASS" starttime="20220206 16:49:16.898" endtime="20220206 16:49:16.996"/>
</kw>
<status status="PASS" starttime="20220206 16:49:16.896" endtime="20220206 16:49:16.996"/>
</kw>
<status status="PASS" starttime="20220206 16:49:12.596" endtime="20220206 16:49:16.996"/>
</test>
<doc>Testando o player de paródias</doc>
<status status="PASS" starttime="20220206 16:49:12.584" endtime="20220206 16:49:17.064"/>
</suite>
<status status="PASS" starttime="20220206 16:49:02.296" endtime="20220206 16:49:17.070"/>
</suite>
<statistics>
<total>
<stat pass="4" fail="0" skip="0">All Tests</stat>
</total>
<tag>
<stat pass="1" fail="0" skip="0">smoke</stat>
</tag>
<suite>
<stat pass="4" fail="0" skip="0" id="s1" name="Tests">Tests</stat>
<stat pass="3" fail="0" skip="0" id="s1-s1" name="Login">Tests.Login</stat>
<stat pass="1" fail="0" skip="0" id="s1-s2" name="Player">Tests.Player</stat>
</suite>
</statistics>
<errors>
</errors>
</robot>
