<?xml version="1.0" encoding="UTF-8"?>
<robot generator="Robot 4.1.3 (Python 3.8.10 on linux)" generated="20220205 23:52:39.268" rpa="false" schemaversion="2">
<suite id="s1" name="Login" source="/media/lucas/ARQUIVOS/dev/robotframework/parodify/login.robot">
<test id="s1-t1" name="Login com sucesso">
<kw name="New Page" library="Browser" type="SETUP">
<arg>https://parodify.herokuapp.com/users/sign_in</arg>
<tag>BrowserControl</tag>
<tag>Setter</tag>
<doc>Open a new Page.</doc>
<msg timestamp="20220205 23:52:42.205" level="INFO">Successfully initialized new page object and opened url: https://parodify.herokuapp.com/users/sign_in</msg>
<msg timestamp="20220205 23:52:42.205" level="INFO">No browser and context was open. New browser and context was automatically opened when page is created.</msg>
<status status="PASS" starttime="20220205 23:52:39.725" endtime="20220205 23:52:42.205"/>
</kw>
<kw name="Get Text" library="Browser">
<arg>[for=user_email]</arg>
<arg>contains</arg>
<arg>Email</arg>
<tag>Assertion</tag>
<tag>Getter</tag>
<tag>PageContent</tag>
<doc>Returns text attribute of the element found by ``selector``.</doc>
<status status="PASS" starttime="20220205 23:52:42.206" endtime="20220205 23:52:42.253"/>
</kw>
<kw name="Login With" library="login_actions">
<arg>lucas@mail.com</arg>
<arg>qweqwe</arg>
<kw name="Fill Text" library="Browser">
<arg>id=user_email</arg>
<arg>${email}</arg>
<tag>PageContent</tag>
<tag>Setter</tag>
<doc>Clears and fills the given ``txt`` into the text field found by ``selector``.</doc>
<msg timestamp="20220205 23:52:42.255" level="INFO">Fills the text 'lucas@mail.com' in the given field.</msg>
<status status="PASS" starttime="20220205 23:52:42.255" endtime="20220205 23:52:42.276"/>
</kw>
<kw name="Fill Text" library="Browser">
<arg>css=#user_password</arg>
<arg>${password}</arg>
<tag>PageContent</tag>
<tag>Setter</tag>
<doc>Clears and fills the given ``txt`` into the text field found by ``selector``.</doc>
<msg timestamp="20220205 23:52:42.276" level="INFO">Fills the text 'qweqwe' in the given field.</msg>
<status status="PASS" starttime="20220205 23:52:42.276" endtime="20220205 23:52:42.292"/>
</kw>
<kw name="Click" library="Browser">
<arg>css=input[type=submit]</arg>
<tag>PageContent</tag>
<tag>Setter</tag>
<doc>Simulates mouse click on the element found by ``selector``.</doc>
<status status="PASS" starttime="20220205 23:52:42.292" endtime="20220205 23:52:43.003"/>
</kw>
<status status="PASS" starttime="20220205 23:52:42.254" endtime="20220205 23:52:43.003"/>
</kw>
<kw name="Wait For Elements State" library="Browser">
<arg>css=a[href$=sign_out]</arg>
<arg>visible</arg>
<arg>10</arg>
<tag>PageContent</tag>
<tag>Wait</tag>
<doc>Waits for the element found by ``selector`` to satisfy state option.</doc>
<msg timestamp="20220205 23:52:43.097" level="INFO">Waited for Element with selector css=a[href$=sign_out] at state visible</msg>
<status status="PASS" starttime="20220205 23:52:43.004" endtime="20220205 23:52:43.097"/>
</kw>
<kw name="Take Screenshot" library="Browser" type="TEARDOWN">
<tag>PageContent</tag>
<doc>Takes a screenshot of the current window or element and saves it to disk.</doc>
<msg timestamp="20220205 23:52:43.151" level="INFO" html="true">&lt;/td&gt;&lt;/tr&gt;&lt;tr&gt;&lt;td colspan="3"&gt;&lt;a href="browser/screenshot/robotframework-browser-screenshot-1.png"&gt;&lt;img src="browser/screenshot/robotframework-browser-screenshot-1.png" width="800px"&gt;&lt;/a&gt;</msg>
<status status="PASS" starttime="20220205 23:52:43.097" endtime="20220205 23:52:43.151"/>
</kw>
<status status="PASS" starttime="20220205 23:52:39.723" endtime="20220205 23:52:43.151"/>
</test>
<test id="s1-t2" name="Senha incorreta">
<kw name="New Page" library="Browser" type="SETUP">
<arg>https://parodify.herokuapp.com/users/sign_in</arg>
<tag>BrowserControl</tag>
<tag>Setter</tag>
<doc>Open a new Page.</doc>
<msg timestamp="20220205 23:52:45.889" level="INFO">Successfully initialized new page object and opened url: https://parodify.herokuapp.com/users/sign_in</msg>
<msg timestamp="20220205 23:52:45.890" level="INFO">No context was open. New context was automatically opened when this page is created.</msg>
<status status="PASS" starttime="20220205 23:52:43.171" endtime="20220205 23:52:45.890"/>
</kw>
<kw name="Get Text" library="Browser">
<arg>[for=user_email]</arg>
<arg>contains</arg>
<arg>Email</arg>
<tag>Assertion</tag>
<tag>Getter</tag>
<tag>PageContent</tag>
<doc>Returns text attribute of the element found by ``selector``.</doc>
<status status="PASS" starttime="20220205 23:52:45.891" endtime="20220205 23:52:45.962"/>
</kw>
<kw name="Login With" library="login_actions">
<arg>lucas@mail.com</arg>
<arg>123</arg>
<kw name="Fill Text" library="Browser">
<arg>id=user_email</arg>
<arg>${email}</arg>
<tag>PageContent</tag>
<tag>Setter</tag>
<doc>Clears and fills the given ``txt`` into the text field found by ``selector``.</doc>
<msg timestamp="20220205 23:52:45.963" level="INFO">Fills the text 'lucas@mail.com' in the given field.</msg>
<status status="PASS" starttime="20220205 23:52:45.962" endtime="20220205 23:52:45.973"/>
</kw>
<kw name="Fill Text" library="Browser">
<arg>css=#user_password</arg>
<arg>${password}</arg>
<tag>PageContent</tag>
<tag>Setter</tag>
<doc>Clears and fills the given ``txt`` into the text field found by ``selector``.</doc>
<msg timestamp="20220205 23:52:45.973" level="INFO">Fills the text '123' in the given field.</msg>
<status status="PASS" starttime="20220205 23:52:45.973" endtime="20220205 23:52:45.983"/>
</kw>
<kw name="Click" library="Browser">
<arg>css=input[type=submit]</arg>
<tag>PageContent</tag>
<tag>Setter</tag>
<doc>Simulates mouse click on the element found by ``selector``.</doc>
<status status="PASS" starttime="20220205 23:52:45.983" endtime="20220205 23:52:46.630"/>
</kw>
<status status="PASS" starttime="20220205 23:52:45.962" endtime="20220205 23:52:46.630"/>
</kw>
<kw name="Alert Should Be" library="login_actions">
<arg>Oops! Email e/ou senha incorretos.</arg>
<kw name="Get Text" library="Browser">
<arg>article.is-danger</arg>
<arg>==</arg>
<arg>${expect}</arg>
<tag>Assertion</tag>
<tag>Getter</tag>
<tag>PageContent</tag>
<doc>Returns text attribute of the element found by ``selector``.</doc>
<status status="PASS" starttime="20220205 23:52:46.631" endtime="20220205 23:52:46.726"/>
</kw>
<status status="PASS" starttime="20220205 23:52:46.631" endtime="20220205 23:52:46.726"/>
</kw>
<kw name="Take Screenshot" library="Browser" type="TEARDOWN">
<tag>PageContent</tag>
<doc>Takes a screenshot of the current window or element and saves it to disk.</doc>
<msg timestamp="20220205 23:52:46.876" level="INFO" html="true">&lt;/td&gt;&lt;/tr&gt;&lt;tr&gt;&lt;td colspan="3"&gt;&lt;a href="browser/screenshot/robotframework-browser-screenshot-2.png"&gt;&lt;img src="browser/screenshot/robotframework-browser-screenshot-2.png" width="800px"&gt;&lt;/a&gt;</msg>
<status status="PASS" starttime="20220205 23:52:46.726" endtime="20220205 23:52:46.876"/>
</kw>
<status status="PASS" starttime="20220205 23:52:43.169" endtime="20220205 23:52:46.876"/>
</test>
<test id="s1-t3" name="Email não informado">
<kw name="New Page" library="Browser" type="SETUP">
<arg>https://parodify.herokuapp.com/users/sign_in</arg>
<tag>BrowserControl</tag>
<tag>Setter</tag>
<doc>Open a new Page.</doc>
<msg timestamp="20220205 23:52:49.193" level="INFO">Successfully initialized new page object and opened url: https://parodify.herokuapp.com/users/sign_in</msg>
<msg timestamp="20220205 23:52:49.193" level="INFO">No context was open. New context was automatically opened when this page is created.</msg>
<status status="PASS" starttime="20220205 23:52:46.894" endtime="20220205 23:52:49.194"/>
</kw>
<kw name="Get Text" library="Browser">
<arg>[for=user_email]</arg>
<arg>contains</arg>
<arg>Email</arg>
<tag>Assertion</tag>
<tag>Getter</tag>
<tag>PageContent</tag>
<doc>Returns text attribute of the element found by ``selector``.</doc>
<status status="PASS" starttime="20220205 23:52:49.194" endtime="20220205 23:52:49.216"/>
</kw>
<kw name="Login With" library="login_actions">
<arg>lucas@mail.com</arg>
<arg>123</arg>
<kw name="Fill Text" library="Browser">
<arg>id=user_email</arg>
<arg>${email}</arg>
<tag>PageContent</tag>
<tag>Setter</tag>
<doc>Clears and fills the given ``txt`` into the text field found by ``selector``.</doc>
<msg timestamp="20220205 23:52:49.217" level="INFO">Fills the text 'lucas@mail.com' in the given field.</msg>
<status status="PASS" starttime="20220205 23:52:49.216" endtime="20220205 23:52:49.230"/>
</kw>
<kw name="Fill Text" library="Browser">
<arg>css=#user_password</arg>
<arg>${password}</arg>
<tag>PageContent</tag>
<tag>Setter</tag>
<doc>Clears and fills the given ``txt`` into the text field found by ``selector``.</doc>
<msg timestamp="20220205 23:52:49.230" level="INFO">Fills the text '123' in the given field.</msg>
<status status="PASS" starttime="20220205 23:52:49.230" endtime="20220205 23:52:49.239"/>
</kw>
<kw name="Click" library="Browser">
<arg>css=input[type=submit]</arg>
<tag>PageContent</tag>
<tag>Setter</tag>
<doc>Simulates mouse click on the element found by ``selector``.</doc>
<status status="PASS" starttime="20220205 23:52:49.239" endtime="20220205 23:52:50.031"/>
</kw>
<status status="PASS" starttime="20220205 23:52:49.216" endtime="20220205 23:52:50.031"/>
</kw>
<kw name="Take Screenshot" library="Browser" type="TEARDOWN">
<tag>PageContent</tag>
<doc>Takes a screenshot of the current window or element and saves it to disk.</doc>
<msg timestamp="20220205 23:52:50.152" level="INFO" html="true">&lt;/td&gt;&lt;/tr&gt;&lt;tr&gt;&lt;td colspan="3"&gt;&lt;a href="browser/screenshot/robotframework-browser-screenshot-3.png"&gt;&lt;img src="browser/screenshot/robotframework-browser-screenshot-3.png" width="800px"&gt;&lt;/a&gt;</msg>
<status status="PASS" starttime="20220205 23:52:50.032" endtime="20220205 23:52:50.152"/>
</kw>
<status status="PASS" starttime="20220205 23:52:46.892" endtime="20220205 23:52:50.152"/>
</test>
<doc>Teste da página login</doc>
<status status="PASS" starttime="20220205 23:52:39.269" endtime="20220205 23:52:50.187"/>
</suite>
<statistics>
<total>
<stat pass="3" fail="0" skip="0">All Tests</stat>
</total>
<tag>
</tag>
<suite>
<stat pass="3" fail="0" skip="0" id="s1" name="Login">Login</stat>
</suite>
</statistics>
<errors>
</errors>
</robot>
