<?xml version="1.0" encoding="UTF-8"?>
<robot generator="Robot 4.1.3 (Python 3.8.10 on linux)" generated="20220210 22:22:34.183" rpa="false" schemaversion="2">
<suite id="s1" name="Tests" source="/media/lucas/ARQUIVOS/dev/robotframework/twp/tests">
<suite id="s1-s1" name="Buttons" source="/media/lucas/ARQUIVOS/dev/robotframework/twp/tests/buttons.robot">
<test id="s1-s1-t1" name="Deve realizar um clique simples">
<kw name="Open Session" library="base" type="SETUP">
<kw name="Set Appium Timeout" library="AppiumLibrary">
<arg>5</arg>
<doc>Sets the timeout in seconds used by various keywords.</doc>
<status status="PASS" starttime="20220210 22:22:34.269" endtime="20220210 22:22:34.269"/>
</kw>
<kw name="Open Application" library="AppiumLibrary">
<arg>http://localhost:4723/wd/hub</arg>
<arg>automationName=UiAutomator2</arg>
<arg>platformName=Android</arg>
<arg>deviceName=android_10</arg>
<arg>app=${EXECDIR}/app/twp.apk</arg>
<doc>Opens a new application to given Appium server.
Capabilities of appium server, Android and iOS,
Please check https://github.com/appium/appium/blob/master/docs/en/writing-running-appium/server-args.md
| *Option*            | *Man.* | *Description*     |
| remote_url          | Yes    | Appium server url |
| alias               | no     | alias             |</doc>
<status status="PASS" starttime="20220210 22:22:34.269" endtime="20220210 22:22:37.986"/>
</kw>
<kw name="Get Started" library="helpers">
<kw name="Wait Until Page Contains" library="AppiumLibrary">
<arg>${START}</arg>
<doc>Waits until `text` appears on current page.</doc>
<status status="PASS" starttime="20220210 22:22:37.987" endtime="20220210 22:22:42.386"/>
</kw>
<kw name="Click Text" library="AppiumLibrary">
<arg>${START}</arg>
<doc>Click text identified by ``text``.</doc>
<status status="PASS" starttime="20220210 22:22:42.386" endtime="20220210 22:22:42.474"/>
</kw>
<status status="PASS" starttime="20220210 22:22:37.986" endtime="20220210 22:22:42.474"/>
</kw>
<status status="PASS" starttime="20220210 22:22:34.269" endtime="20220210 22:22:42.474"/>
</kw>
<kw name="Go To Short Click" library="helpers">
<kw name="Open Nav" library="helpers">
<kw name="Wait Until Element Is Visible" library="AppiumLibrary">
<arg>${HAMBURGUER}</arg>
<doc>Waits until element specified with `locator` is visible.</doc>
<status status="PASS" starttime="20220210 22:22:42.476" endtime="20220210 22:22:43.129"/>
</kw>
<kw name="Click Element" library="AppiumLibrary">
<arg>${HAMBURGUER}</arg>
<doc>Click element identified by `locator`.</doc>
<msg timestamp="20220210 22:22:43.135" level="INFO">Clicking element 'xpath=//android.widget.ImageButton[@content-desc="Open navigation drawer"]'.</msg>
<status status="PASS" starttime="20220210 22:22:43.130" endtime="20220210 22:22:43.268"/>
</kw>
<status status="PASS" starttime="20220210 22:22:42.475" endtime="20220210 22:22:43.268"/>
</kw>
<kw name="Click Text" library="AppiumLibrary">
<arg>BOTÕES</arg>
<doc>Click text identified by ``text``.</doc>
<status status="PASS" starttime="20220210 22:22:43.268" endtime="20220210 22:22:44.296"/>
</kw>
<kw name="Wait Until Page Contains" library="AppiumLibrary">
<arg>CLIQUE SIMPLES</arg>
<doc>Waits until `text` appears on current page.</doc>
<status status="PASS" starttime="20220210 22:22:44.296" endtime="20220210 22:22:45.268"/>
</kw>
<kw name="Click Text" library="AppiumLibrary">
<arg>CLIQUE SIMPLES</arg>
<doc>Click text identified by ``text``.</doc>
<status status="PASS" starttime="20220210 22:22:45.268" endtime="20220210 22:22:45.321"/>
</kw>
<kw name="Wait Until Page Contains" library="AppiumLibrary">
<arg>Botão clique simples</arg>
<doc>Waits until `text` appears on current page.</doc>
<status status="PASS" starttime="20220210 22:22:45.321" endtime="20220210 22:22:45.403"/>
</kw>
<status status="PASS" starttime="20220210 22:22:42.475" endtime="20220210 22:22:45.404"/>
</kw>
<kw name="Click Element" library="AppiumLibrary">
<arg>id=io.qaninja.android.twp:id/short_click</arg>
<doc>Click element identified by `locator`.</doc>
<msg timestamp="20220210 22:22:45.405" level="INFO">Clicking element 'id=io.qaninja.android.twp:id/short_click'.</msg>
<status status="PASS" starttime="20220210 22:22:45.404" endtime="20220210 22:22:46.070"/>
</kw>
<kw name="Wait Until Page Contains" library="AppiumLibrary">
<arg>Isso é um clique simples</arg>
<doc>Waits until `text` appears on current page.</doc>
<status status="PASS" starttime="20220210 22:22:46.070" endtime="20220210 22:22:46.139"/>
</kw>
<kw name="Close Session" library="base" type="TEARDOWN">
<kw name="Capture Page Screenshot" library="AppiumLibrary">
<doc>Takes a screenshot of the current page and embeds it into the log.</doc>
<msg timestamp="20220210 22:22:46.443" level="INFO" html="true">&lt;/td&gt;&lt;/tr&gt;&lt;tr&gt;&lt;td colspan="3"&gt;&lt;a href="appium-screenshot-1.png"&gt;&lt;img src="appium-screenshot-1.png" width="800px"&gt;&lt;/a&gt;</msg>
<status status="PASS" starttime="20220210 22:22:46.139" endtime="20220210 22:22:46.443"/>
</kw>
<kw name="Close Application" library="AppiumLibrary">
<doc>Closes the current application and also close webdriver session.</doc>
<status status="PASS" starttime="20220210 22:22:46.443" endtime="20220210 22:22:46.718"/>
</kw>
<status status="PASS" starttime="20220210 22:22:46.139" endtime="20220210 22:22:46.718"/>
</kw>
<tag>short</tag>
<status status="PASS" starttime="20220210 22:22:34.269" endtime="20220210 22:22:46.718"/>
</test>
<test id="s1-s1-t2" name="Deve realizar um clique loongooo">
<kw name="Open Session" library="base" type="SETUP">
<kw name="Set Appium Timeout" library="AppiumLibrary">
<arg>5</arg>
<doc>Sets the timeout in seconds used by various keywords.</doc>
<status status="PASS" starttime="20220210 22:22:46.719" endtime="20220210 22:22:46.719"/>
</kw>
<kw name="Open Application" library="AppiumLibrary">
<arg>http://localhost:4723/wd/hub</arg>
<arg>automationName=UiAutomator2</arg>
<arg>platformName=Android</arg>
<arg>deviceName=android_10</arg>
<arg>app=${EXECDIR}/app/twp.apk</arg>
<doc>Opens a new application to given Appium server.
Capabilities of appium server, Android and iOS,
Please check https://github.com/appium/appium/blob/master/docs/en/writing-running-appium/server-args.md
| *Option*            | *Man.* | *Description*     |
| remote_url          | Yes    | Appium server url |
| alias               | no     | alias             |</doc>
<status status="PASS" starttime="20220210 22:22:46.719" endtime="20220210 22:22:50.482"/>
</kw>
<kw name="Get Started" library="helpers">
<kw name="Wait Until Page Contains" library="AppiumLibrary">
<arg>${START}</arg>
<doc>Waits until `text` appears on current page.</doc>
<status status="PASS" starttime="20220210 22:22:50.482" endtime="20220210 22:22:54.759"/>
</kw>
<kw name="Click Text" library="AppiumLibrary">
<arg>${START}</arg>
<doc>Click text identified by ``text``.</doc>
<status status="PASS" starttime="20220210 22:22:54.759" endtime="20220210 22:22:54.874"/>
</kw>
<status status="PASS" starttime="20220210 22:22:50.482" endtime="20220210 22:22:54.874"/>
</kw>
<status status="PASS" starttime="20220210 22:22:46.719" endtime="20220210 22:22:54.874"/>
</kw>
<kw name="Go To Long Click" library="helpers">
<kw name="Open Nav" library="helpers">
<kw name="Wait Until Element Is Visible" library="AppiumLibrary">
<arg>${HAMBURGUER}</arg>
<doc>Waits until element specified with `locator` is visible.</doc>
<status status="PASS" starttime="20220210 22:22:54.874" endtime="20220210 22:22:55.556"/>
</kw>
<kw name="Click Element" library="AppiumLibrary">
<arg>${HAMBURGUER}</arg>
<doc>Click element identified by `locator`.</doc>
<msg timestamp="20220210 22:22:55.557" level="INFO">Clicking element 'xpath=//android.widget.ImageButton[@content-desc="Open navigation drawer"]'.</msg>
<status status="PASS" starttime="20220210 22:22:55.556" endtime="20220210 22:22:55.608"/>
</kw>
<status status="PASS" starttime="20220210 22:22:54.874" endtime="20220210 22:22:55.608"/>
</kw>
<kw name="Click Text" library="AppiumLibrary">
<arg>BOTÕES</arg>
<doc>Click text identified by ``text``.</doc>
<status status="PASS" starttime="20220210 22:22:55.608" endtime="20220210 22:22:57.568"/>
</kw>
<kw name="Wait Until Page Contains" library="AppiumLibrary">
<arg>CLIQUE LONGO</arg>
<doc>Waits until `text` appears on current page.</doc>
<status status="PASS" starttime="20220210 22:22:57.569" endtime="20220210 22:22:57.640"/>
</kw>
<kw name="Click Text" library="AppiumLibrary">
<arg>CLIQUE LONGO</arg>
<doc>Click text identified by ``text``.</doc>
<status status="PASS" starttime="20220210 22:22:57.640" endtime="20220210 22:22:57.708"/>
</kw>
<kw name="Wait Until Page Contains" library="AppiumLibrary">
<arg>Botão clique longo</arg>
<doc>Waits until `text` appears on current page.</doc>
<status status="PASS" starttime="20220210 22:22:57.708" endtime="20220210 22:22:58.417"/>
</kw>
<status status="PASS" starttime="20220210 22:22:54.874" endtime="20220210 22:22:58.418"/>
</kw>
<kw name="Long Press" library="AppiumLibrary">
<arg>id=io.qaninja.android.twp:id/long_click</arg>
<arg>1000</arg>
<doc>Long press the element with optional duration</doc>
<status status="PASS" starttime="20220210 22:22:58.418" endtime="20220210 22:23:01.020"/>
</kw>
<kw name="Wait Until Page Contains" library="AppiumLibrary">
<arg>CLIQUE LONGO OK</arg>
<doc>Waits until `text` appears on current page.</doc>
<status status="PASS" starttime="20220210 22:23:01.021" endtime="20220210 22:23:01.081"/>
</kw>
<kw name="Close Session" library="base" type="TEARDOWN">
<kw name="Capture Page Screenshot" library="AppiumLibrary">
<doc>Takes a screenshot of the current page and embeds it into the log.</doc>
<msg timestamp="20220210 22:23:01.378" level="INFO" html="true">&lt;/td&gt;&lt;/tr&gt;&lt;tr&gt;&lt;td colspan="3"&gt;&lt;a href="appium-screenshot-2.png"&gt;&lt;img src="appium-screenshot-2.png" width="800px"&gt;&lt;/a&gt;</msg>
<status status="PASS" starttime="20220210 22:23:01.082" endtime="20220210 22:23:01.378"/>
</kw>
<kw name="Close Application" library="AppiumLibrary">
<doc>Closes the current application and also close webdriver session.</doc>
<status status="PASS" starttime="20220210 22:23:01.378" endtime="20220210 22:23:01.613"/>
</kw>
<status status="PASS" starttime="20220210 22:23:01.082" endtime="20220210 22:23:01.613"/>
</kw>
<tag>long</tag>
<status status="PASS" starttime="20220210 22:22:46.718" endtime="20220210 22:23:01.613"/>
</test>
<status status="PASS" starttime="20220210 22:22:34.198" endtime="20220210 22:23:01.613"/>
</suite>
<suite id="s1-s2" name="Checkbox" source="/media/lucas/ARQUIVOS/dev/robotframework/twp/tests/checkbox.robot">
<test id="s1-s2-t1" name="Deve marcar a opção Robot Framework">
<kw name="Open Session" library="base" type="SETUP">
<kw name="Set Appium Timeout" library="AppiumLibrary">
<arg>5</arg>
<doc>Sets the timeout in seconds used by various keywords.</doc>
<status status="PASS" starttime="20220210 22:23:01.629" endtime="20220210 22:23:01.629"/>
</kw>
<kw name="Open Application" library="AppiumLibrary">
<arg>http://localhost:4723/wd/hub</arg>
<arg>automationName=UiAutomator2</arg>
<arg>platformName=Android</arg>
<arg>deviceName=android_10</arg>
<arg>app=${EXECDIR}/app/twp.apk</arg>
<doc>Opens a new application to given Appium server.
Capabilities of appium server, Android and iOS,
Please check https://github.com/appium/appium/blob/master/docs/en/writing-running-appium/server-args.md
| *Option*            | *Man.* | *Description*     |
| remote_url          | Yes    | Appium server url |
| alias               | no     | alias             |</doc>
<status status="PASS" starttime="20220210 22:23:01.629" endtime="20220210 22:23:05.323"/>
</kw>
<kw name="Get Started" library="helpers">
<kw name="Wait Until Page Contains" library="AppiumLibrary">
<arg>${START}</arg>
<doc>Waits until `text` appears on current page.</doc>
<status status="PASS" starttime="20220210 22:23:05.324" endtime="20220210 22:23:09.745"/>
</kw>
<kw name="Click Text" library="AppiumLibrary">
<arg>${START}</arg>
<doc>Click text identified by ``text``.</doc>
<status status="PASS" starttime="20220210 22:23:09.745" endtime="20220210 22:23:09.852"/>
</kw>
<status status="PASS" starttime="20220210 22:23:05.323" endtime="20220210 22:23:09.852"/>
</kw>
<status status="PASS" starttime="20220210 22:23:01.628" endtime="20220210 22:23:09.852"/>
</kw>
<kw name="Go To Checkbox" library="helpers">
<kw name="Open Nav" library="helpers">
<kw name="Wait Until Element Is Visible" library="AppiumLibrary">
<arg>${HAMBURGUER}</arg>
<doc>Waits until element specified with `locator` is visible.</doc>
<status status="PASS" starttime="20220210 22:23:09.853" endtime="20220210 22:23:10.569"/>
</kw>
<kw name="Click Element" library="AppiumLibrary">
<arg>${HAMBURGUER}</arg>
<doc>Click element identified by `locator`.</doc>
<msg timestamp="20220210 22:23:10.572" level="INFO">Clicking element 'xpath=//android.widget.ImageButton[@content-desc="Open navigation drawer"]'.</msg>
<status status="PASS" starttime="20220210 22:23:10.569" endtime="20220210 22:23:10.751"/>
</kw>
<status status="PASS" starttime="20220210 22:23:09.852" endtime="20220210 22:23:10.751"/>
</kw>
<kw name="Click Text" library="AppiumLibrary">
<arg>INPUTS</arg>
<doc>Click text identified by ``text``.</doc>
<status status="PASS" starttime="20220210 22:23:10.752" endtime="20220210 22:23:11.703"/>
</kw>
<kw name="Wait Until Page Contains" library="AppiumLibrary">
<arg>INPUTS</arg>
<doc>Waits until `text` appears on current page.</doc>
<status status="PASS" starttime="20220210 22:23:11.704" endtime="20220210 22:23:11.902"/>
</kw>
<kw name="Click Text" library="AppiumLibrary">
<arg>CHECKBOX</arg>
<doc>Click text identified by ``text``.</doc>
<status status="PASS" starttime="20220210 22:23:11.902" endtime="20220210 22:23:12.717"/>
</kw>
<kw name="Wait Until Page Contains" library="AppiumLibrary">
<arg>Marque as techs que usam Appium</arg>
<doc>Waits until `text` appears on current page.</doc>
<status status="PASS" starttime="20220210 22:23:12.718" endtime="20220210 22:23:13.555"/>
</kw>
<status status="PASS" starttime="20220210 22:23:09.852" endtime="20220210 22:23:13.555"/>
</kw>
<kw name="Set Variable" library="BuiltIn">
<var>${element}</var>
<arg>xpath=//android.widget.CheckBox[contains(@text, 'Robot Framework')]</arg>
<doc>Returns the given values which can then be assigned to a variables.</doc>
<msg timestamp="20220210 22:23:13.556" level="INFO">${element} = xpath=//android.widget.CheckBox[contains(@text, 'Robot Framework')]</msg>
<status status="PASS" starttime="20220210 22:23:13.556" endtime="20220210 22:23:13.556"/>
</kw>
<kw name="Click Element" library="AppiumLibrary">
<arg>${element}</arg>
<doc>Click element identified by `locator`.</doc>
<msg timestamp="20220210 22:23:13.557" level="INFO">Clicking element 'xpath=//android.widget.CheckBox[contains(@text, 'Robot Framework')]'.</msg>
<status status="PASS" starttime="20220210 22:23:13.556" endtime="20220210 22:23:13.621"/>
</kw>
<kw name="Wait Until Element Is Visible" library="AppiumLibrary">
<arg>id=io.qaninja.android.twp:id/rvContainer</arg>
<doc>Waits until element specified with `locator` is visible.</doc>
<status status="PASS" starttime="20220210 22:23:13.621" endtime="20220210 22:23:14.827"/>
</kw>
<kw name="Element Attribute Should Match" library="AppiumLibrary">
<arg>${element}</arg>
<arg>checked</arg>
<arg>true</arg>
<doc>Verify that an attribute of an element matches the expected criteria.</doc>
<msg timestamp="20220210 22:23:14.890" level="INFO">Element 'xpath=//android.widget.CheckBox[contains(@text, 'Robot Framework')]' attribute 'checked' is 'true' </msg>
<status status="PASS" starttime="20220210 22:23:14.828" endtime="20220210 22:23:14.890"/>
</kw>
<kw name="Close Session" library="base" type="TEARDOWN">
<kw name="Capture Page Screenshot" library="AppiumLibrary">
<doc>Takes a screenshot of the current page and embeds it into the log.</doc>
<msg timestamp="20220210 22:23:15.210" level="INFO" html="true">&lt;/td&gt;&lt;/tr&gt;&lt;tr&gt;&lt;td colspan="3"&gt;&lt;a href="appium-screenshot-3.png"&gt;&lt;img src="appium-screenshot-3.png" width="800px"&gt;&lt;/a&gt;</msg>
<status status="PASS" starttime="20220210 22:23:14.891" endtime="20220210 22:23:15.210"/>
</kw>
<kw name="Close Application" library="AppiumLibrary">
<doc>Closes the current application and also close webdriver session.</doc>
<status status="PASS" starttime="20220210 22:23:15.210" endtime="20220210 22:23:15.462"/>
</kw>
<status status="PASS" starttime="20220210 22:23:14.891" endtime="20220210 22:23:15.463"/>
</kw>
<status status="PASS" starttime="20220210 22:23:01.627" endtime="20220210 22:23:15.463"/>
</test>
<status status="PASS" starttime="20220210 22:23:01.614" endtime="20220210 22:23:15.463"/>
</suite>
<suite id="s1-s3" name="Drag-And-Drop" source="/media/lucas/ARQUIVOS/dev/robotframework/twp/tests/drag-and-drop.robot">
<test id="s1-s3-t1" name="Deve mover o Hulk para o topo da lista">
<kw name="Open Session" library="base" type="SETUP">
<kw name="Set Appium Timeout" library="AppiumLibrary">
<arg>5</arg>
<doc>Sets the timeout in seconds used by various keywords.</doc>
<status status="PASS" starttime="20220210 22:23:15.470" endtime="20220210 22:23:15.471"/>
</kw>
<kw name="Open Application" library="AppiumLibrary">
<arg>http://localhost:4723/wd/hub</arg>
<arg>automationName=UiAutomator2</arg>
<arg>platformName=Android</arg>
<arg>deviceName=android_10</arg>
<arg>app=${EXECDIR}/app/twp.apk</arg>
<doc>Opens a new application to given Appium server.
Capabilities of appium server, Android and iOS,
Please check https://github.com/appium/appium/blob/master/docs/en/writing-running-appium/server-args.md
| *Option*            | *Man.* | *Description*     |
| remote_url          | Yes    | Appium server url |
| alias               | no     | alias             |</doc>
<status status="PASS" starttime="20220210 22:23:15.471" endtime="20220210 22:23:19.199"/>
</kw>
<kw name="Get Started" library="helpers">
<kw name="Wait Until Page Contains" library="AppiumLibrary">
<arg>${START}</arg>
<doc>Waits until `text` appears on current page.</doc>
<status status="PASS" starttime="20220210 22:23:19.199" endtime="20220210 22:23:23.488"/>
</kw>
<kw name="Click Text" library="AppiumLibrary">
<arg>${START}</arg>
<doc>Click text identified by ``text``.</doc>
<status status="PASS" starttime="20220210 22:23:23.488" endtime="20220210 22:23:23.569"/>
</kw>
<status status="PASS" starttime="20220210 22:23:19.199" endtime="20220210 22:23:23.569"/>
</kw>
<status status="PASS" starttime="20220210 22:23:15.469" endtime="20220210 22:23:23.569"/>
</kw>
<kw name="Go To Avenger List" library="helpers">
<kw name="Open Nav" library="helpers">
<kw name="Wait Until Element Is Visible" library="AppiumLibrary">
<arg>${HAMBURGUER}</arg>
<doc>Waits until element specified with `locator` is visible.</doc>
<status status="PASS" starttime="20220210 22:23:23.570" endtime="20220210 22:23:25.694"/>
</kw>
<kw name="Click Element" library="AppiumLibrary">
<arg>${HAMBURGUER}</arg>
<doc>Click element identified by `locator`.</doc>
<msg timestamp="20220210 22:23:25.696" level="INFO">Clicking element 'xpath=//android.widget.ImageButton[@content-desc="Open navigation drawer"]'.</msg>
<status status="PASS" starttime="20220210 22:23:25.694" endtime="20220210 22:23:25.749"/>
</kw>
<status status="PASS" starttime="20220210 22:23:23.570" endtime="20220210 22:23:25.749"/>
</kw>
<kw name="Click Text" library="AppiumLibrary">
<arg>AVENGERS</arg>
<doc>Click text identified by ``text``.</doc>
<status status="PASS" starttime="20220210 22:23:25.749" endtime="20220210 22:23:27.760"/>
</kw>
<kw name="Wait Until Page Contains" library="AppiumLibrary">
<arg>AVENGERS</arg>
<doc>Waits until `text` appears on current page.</doc>
<status status="PASS" starttime="20220210 22:23:27.760" endtime="20220210 22:23:27.848"/>
</kw>
<kw name="Click Text" library="AppiumLibrary">
<arg>LISTA</arg>
<doc>Click text identified by ``text``.</doc>
<status status="PASS" starttime="20220210 22:23:27.848" endtime="20220210 22:23:27.894"/>
</kw>
<kw name="Wait Until Page Contains" library="AppiumLibrary">
<arg>LISTA</arg>
<doc>Waits until `text` appears on current page.</doc>
<status status="PASS" starttime="20220210 22:23:27.894" endtime="20220210 22:23:27.930"/>
</kw>
<status status="PASS" starttime="20220210 22:23:23.570" endtime="20220210 22:23:27.931"/>
</kw>
<kw name="Drag And Drop" library="extend">
<arg>io.qaninja.android.twp:id/drag_handle</arg>
<arg>3</arg>
<arg>0</arg>
<status status="PASS" starttime="20220210 22:23:27.931" endtime="20220210 22:23:40.549"/>
</kw>
<kw name="Close Session" library="base" type="TEARDOWN">
<kw name="Capture Page Screenshot" library="AppiumLibrary">
<doc>Takes a screenshot of the current page and embeds it into the log.</doc>
<msg timestamp="20220210 22:23:41.024" level="INFO" html="true">&lt;/td&gt;&lt;/tr&gt;&lt;tr&gt;&lt;td colspan="3"&gt;&lt;a href="appium-screenshot-4.png"&gt;&lt;img src="appium-screenshot-4.png" width="800px"&gt;&lt;/a&gt;</msg>
<status status="PASS" starttime="20220210 22:23:40.550" endtime="20220210 22:23:41.025"/>
</kw>
<kw name="Close Application" library="AppiumLibrary">
<doc>Closes the current application and also close webdriver session.</doc>
<status status="PASS" starttime="20220210 22:23:41.025" endtime="20220210 22:23:41.336"/>
</kw>
<status status="PASS" starttime="20220210 22:23:40.550" endtime="20220210 22:23:41.337"/>
</kw>
<status status="PASS" starttime="20220210 22:23:15.468" endtime="20220210 22:23:41.338"/>
</test>
<status status="PASS" starttime="20220210 22:23:15.464" endtime="20220210 22:23:41.339"/>
</suite>
<suite id="s1-s4" name="Home" source="/media/lucas/ARQUIVOS/dev/robotframework/twp/tests/home.robot">
<test id="s1-s4-t1" name="Deve Abrir a tela principal">
<kw name="Open Application" library="AppiumLibrary">
<arg>http://localhost:4723/wd/hub</arg>
<arg>automationName=UiAutomator2</arg>
<arg>platformName=Android</arg>
<arg>deviceName=android_10</arg>
<arg>app=${EXECDIR}/app/twp.apk</arg>
<doc>Opens a new application to given Appium server.
Capabilities of appium server, Android and iOS,
Please check https://github.com/appium/appium/blob/master/docs/en/writing-running-appium/server-args.md
| *Option*            | *Man.* | *Description*     |
| remote_url          | Yes    | Appium server url |
| alias               | no     | alias             |</doc>
<status status="PASS" starttime="20220210 22:23:41.354" endtime="20220210 22:23:45.401"/>
</kw>
<kw name="Wait Until Page Contains" library="AppiumLibrary">
<arg>Training Wheels Protocol</arg>
<doc>Waits until `text` appears on current page.</doc>
<status status="PASS" starttime="20220210 22:23:45.401" endtime="20220210 22:23:49.842"/>
</kw>
<kw name="Wait Until Page Contains" library="AppiumLibrary">
<arg>Mobile Version</arg>
<doc>Waits until `text` appears on current page.</doc>
<status status="PASS" starttime="20220210 22:23:49.843" endtime="20220210 22:23:49.870"/>
</kw>
<kw name="Close Application" library="AppiumLibrary">
<doc>Closes the current application and also close webdriver session.</doc>
<status status="PASS" starttime="20220210 22:23:49.871" endtime="20220210 22:23:50.124"/>
</kw>
<status status="PASS" starttime="20220210 22:23:41.353" endtime="20220210 22:23:50.125"/>
</test>
<status status="PASS" starttime="20220210 22:23:41.346" endtime="20220210 22:23:50.125"/>
</suite>
<suite id="s1-s5" name="Login" source="/media/lucas/ARQUIVOS/dev/robotframework/twp/tests/login.robot">
<test id="s1-s5-t1" name="Deve logar com sucesso">
<kw name="Open Session" library="base" type="SETUP">
<kw name="Set Appium Timeout" library="AppiumLibrary">
<arg>5</arg>
<doc>Sets the timeout in seconds used by various keywords.</doc>
<status status="PASS" starttime="20220210 22:23:50.130" endtime="20220210 22:23:50.130"/>
</kw>
<kw name="Open Application" library="AppiumLibrary">
<arg>http://localhost:4723/wd/hub</arg>
<arg>automationName=UiAutomator2</arg>
<arg>platformName=Android</arg>
<arg>deviceName=android_10</arg>
<arg>app=${EXECDIR}/app/twp.apk</arg>
<doc>Opens a new application to given Appium server.
Capabilities of appium server, Android and iOS,
Please check https://github.com/appium/appium/blob/master/docs/en/writing-running-appium/server-args.md
| *Option*            | *Man.* | *Description*     |
| remote_url          | Yes    | Appium server url |
| alias               | no     | alias             |</doc>
<status status="PASS" starttime="20220210 22:23:50.130" endtime="20220210 22:23:53.984"/>
</kw>
<kw name="Get Started" library="helpers">
<kw name="Wait Until Page Contains" library="AppiumLibrary">
<arg>${START}</arg>
<doc>Waits until `text` appears on current page.</doc>
<status status="PASS" starttime="20220210 22:23:53.984" endtime="20220210 22:23:58.410"/>
</kw>
<kw name="Click Text" library="AppiumLibrary">
<arg>${START}</arg>
<doc>Click text identified by ``text``.</doc>
<status status="PASS" starttime="20220210 22:23:58.411" endtime="20220210 22:23:58.531"/>
</kw>
<status status="PASS" starttime="20220210 22:23:53.984" endtime="20220210 22:23:58.531"/>
</kw>
<status status="PASS" starttime="20220210 22:23:50.130" endtime="20220210 22:23:58.531"/>
</kw>
<kw name="Go To Login Form" library="helpers">
<kw name="Open Nav" library="helpers">
<kw name="Wait Until Element Is Visible" library="AppiumLibrary">
<arg>${HAMBURGUER}</arg>
<doc>Waits until element specified with `locator` is visible.</doc>
<status status="PASS" starttime="20220210 22:23:58.531" endtime="20220210 22:23:59.187"/>
</kw>
<kw name="Click Element" library="AppiumLibrary">
<arg>${HAMBURGUER}</arg>
<doc>Click element identified by `locator`.</doc>
<msg timestamp="20220210 22:23:59.189" level="INFO">Clicking element 'xpath=//android.widget.ImageButton[@content-desc="Open navigation drawer"]'.</msg>
<status status="PASS" starttime="20220210 22:23:59.188" endtime="20220210 22:23:59.256"/>
</kw>
<status status="PASS" starttime="20220210 22:23:58.531" endtime="20220210 22:23:59.256"/>
</kw>
<kw name="Click Text" library="AppiumLibrary">
<arg>FORMS</arg>
<doc>Click text identified by ``text``.</doc>
<status status="PASS" starttime="20220210 22:23:59.256" endtime="20220210 22:24:02.158"/>
</kw>
<kw name="Wait Until Page Contains" library="AppiumLibrary">
<arg>FORMS</arg>
<doc>Waits until `text` appears on current page.</doc>
<status status="PASS" starttime="20220210 22:24:02.159" endtime="20220210 22:24:02.228"/>
</kw>
<kw name="Click Text" library="AppiumLibrary">
<arg>LOGIN</arg>
<doc>Click text identified by ``text``.</doc>
<status status="PASS" starttime="20220210 22:24:02.228" endtime="20220210 22:24:02.312"/>
</kw>
<kw name="Wait Until Page Contains" library="AppiumLibrary">
<arg>Fala QA, vamos testar o login?</arg>
<doc>Waits until `text` appears on current page.</doc>
<status status="PASS" starttime="20220210 22:24:02.312" endtime="20220210 22:24:05.336"/>
</kw>
<status status="PASS" starttime="20220210 22:23:58.531" endtime="20220210 22:24:05.337"/>
</kw>
<kw name="Input Text" library="AppiumLibrary">
<arg>id=io.qaninja.android.twp:id/etEmail</arg>
<arg>eu@papito.io</arg>
<doc>Types the given `text` into text field identified by `locator`.</doc>
<msg timestamp="20220210 22:24:05.339" level="INFO">Typing text 'eu@papito.io' into text field 'id=io.qaninja.android.twp:id/etEmail'</msg>
<status status="PASS" starttime="20220210 22:24:05.337" endtime="20220210 22:24:05.781"/>
</kw>
<kw name="Input Text" library="AppiumLibrary">
<arg>id=io.qaninja.android.twp:id/etPassword</arg>
<arg>qaninja</arg>
<doc>Types the given `text` into text field identified by `locator`.</doc>
<msg timestamp="20220210 22:24:05.782" level="INFO">Typing text 'qaninja' into text field 'id=io.qaninja.android.twp:id/etPassword'</msg>
<status status="PASS" starttime="20220210 22:24:05.781" endtime="20220210 22:24:06.345"/>
</kw>
<kw name="Click Element" library="AppiumLibrary">
<arg>id=io.qaninja.android.twp:id/btnSubmit</arg>
<doc>Click element identified by `locator`.</doc>
<msg timestamp="20220210 22:24:06.347" level="INFO">Clicking element 'id=io.qaninja.android.twp:id/btnSubmit'.</msg>
<status status="PASS" starttime="20220210 22:24:06.346" endtime="20220210 22:24:06.990"/>
</kw>
<kw name="Wait Until Page Contains" library="AppiumLibrary">
<arg>Show! Suas credenciais são validas.</arg>
<doc>Waits until `text` appears on current page.</doc>
<status status="PASS" starttime="20220210 22:24:06.990" endtime="20220210 22:24:07.518"/>
</kw>
<kw name="Close Session" library="base" type="TEARDOWN">
<kw name="Capture Page Screenshot" library="AppiumLibrary">
<doc>Takes a screenshot of the current page and embeds it into the log.</doc>
<msg timestamp="20220210 22:24:08.076" level="INFO" html="true">&lt;/td&gt;&lt;/tr&gt;&lt;tr&gt;&lt;td colspan="3"&gt;&lt;a href="appium-screenshot-5.png"&gt;&lt;img src="appium-screenshot-5.png" width="800px"&gt;&lt;/a&gt;</msg>
<status status="PASS" starttime="20220210 22:24:07.519" endtime="20220210 22:24:08.076"/>
</kw>
<kw name="Close Application" library="AppiumLibrary">
<doc>Closes the current application and also close webdriver session.</doc>
<status status="PASS" starttime="20220210 22:24:08.076" endtime="20220210 22:24:08.685"/>
</kw>
<status status="PASS" starttime="20220210 22:24:07.519" endtime="20220210 22:24:08.685"/>
</kw>
<status status="PASS" starttime="20220210 22:23:50.129" endtime="20220210 22:24:08.685"/>
</test>
<status status="PASS" starttime="20220210 22:23:50.125" endtime="20220210 22:24:08.685"/>
</suite>
<suite id="s1-s6" name="Nav" source="/media/lucas/ARQUIVOS/dev/robotframework/twp/tests/nav.robot">
<test id="s1-s6-t1" name="Deve Abrir a tela de Dialogs">
<kw name="Open Session" library="base" type="SETUP">
<kw name="Set Appium Timeout" library="AppiumLibrary">
<arg>5</arg>
<doc>Sets the timeout in seconds used by various keywords.</doc>
<status status="PASS" starttime="20220210 22:24:08.692" endtime="20220210 22:24:08.693"/>
</kw>
<kw name="Open Application" library="AppiumLibrary">
<arg>http://localhost:4723/wd/hub</arg>
<arg>automationName=UiAutomator2</arg>
<arg>platformName=Android</arg>
<arg>deviceName=android_10</arg>
<arg>app=${EXECDIR}/app/twp.apk</arg>
<doc>Opens a new application to given Appium server.
Capabilities of appium server, Android and iOS,
Please check https://github.com/appium/appium/blob/master/docs/en/writing-running-appium/server-args.md
| *Option*            | *Man.* | *Description*     |
| remote_url          | Yes    | Appium server url |
| alias               | no     | alias             |</doc>
<status status="PASS" starttime="20220210 22:24:08.693" endtime="20220210 22:24:12.720"/>
</kw>
<kw name="Get Started" library="helpers">
<kw name="Wait Until Page Contains" library="AppiumLibrary">
<arg>${START}</arg>
<doc>Waits until `text` appears on current page.</doc>
<status status="PASS" starttime="20220210 22:24:12.720" endtime="20220210 22:24:17.048"/>
</kw>
<kw name="Click Text" library="AppiumLibrary">
<arg>${START}</arg>
<doc>Click text identified by ``text``.</doc>
<status status="PASS" starttime="20220210 22:24:17.048" endtime="20220210 22:24:17.138"/>
</kw>
<status status="PASS" starttime="20220210 22:24:12.720" endtime="20220210 22:24:17.138"/>
</kw>
<status status="PASS" starttime="20220210 22:24:08.692" endtime="20220210 22:24:17.138"/>
</kw>
<kw name="Open Nav" library="helpers">
<kw name="Wait Until Element Is Visible" library="AppiumLibrary">
<arg>${HAMBURGUER}</arg>
<doc>Waits until element specified with `locator` is visible.</doc>
<status status="PASS" starttime="20220210 22:24:17.138" endtime="20220210 22:24:17.806"/>
</kw>
<kw name="Click Element" library="AppiumLibrary">
<arg>${HAMBURGUER}</arg>
<doc>Click element identified by `locator`.</doc>
<msg timestamp="20220210 22:24:17.807" level="INFO">Clicking element 'xpath=//android.widget.ImageButton[@content-desc="Open navigation drawer"]'.</msg>
<status status="PASS" starttime="20220210 22:24:17.806" endtime="20220210 22:24:17.985"/>
</kw>
<status status="PASS" starttime="20220210 22:24:17.138" endtime="20220210 22:24:17.985"/>
</kw>
<kw name="Click Text" library="AppiumLibrary">
<arg>DIALOGS</arg>
<doc>Click text identified by ``text``.</doc>
<status status="PASS" starttime="20220210 22:24:17.985" endtime="20220210 22:24:19.906"/>
</kw>
<kw name="Wait Until Element Is Visible" library="AppiumLibrary">
<arg>${TOOLBAR_TITLE}</arg>
<doc>Waits until element specified with `locator` is visible.</doc>
<status status="PASS" starttime="20220210 22:24:19.907" endtime="20220210 22:24:19.954"/>
</kw>
<kw name="Element Text Should Be" library="AppiumLibrary">
<arg>${TOOLBAR_TITLE}</arg>
<arg>DIALOGS</arg>
<doc>Verifies element identified by ``locator`` exactly contains text ``expected``.</doc>
<msg timestamp="20220210 22:24:19.956" level="INFO">Verifying element 'io.qaninja.android.twp:id/toolbarTitle' contains exactly text 'DIALOGS'.</msg>
<status status="PASS" starttime="20220210 22:24:19.954" endtime="20220210 22:24:19.980"/>
</kw>
<kw name="Close Session" library="base" type="TEARDOWN">
<kw name="Capture Page Screenshot" library="AppiumLibrary">
<doc>Takes a screenshot of the current page and embeds it into the log.</doc>
<msg timestamp="20220210 22:24:21.575" level="INFO" html="true">&lt;/td&gt;&lt;/tr&gt;&lt;tr&gt;&lt;td colspan="3"&gt;&lt;a href="appium-screenshot-6.png"&gt;&lt;img src="appium-screenshot-6.png" width="800px"&gt;&lt;/a&gt;</msg>
<status status="PASS" starttime="20220210 22:24:19.981" endtime="20220210 22:24:21.575"/>
</kw>
<kw name="Close Application" library="AppiumLibrary">
<doc>Closes the current application and also close webdriver session.</doc>
<status status="PASS" starttime="20220210 22:24:21.576" endtime="20220210 22:24:21.773"/>
</kw>
<status status="PASS" starttime="20220210 22:24:19.980" endtime="20220210 22:24:21.773"/>
</kw>
<status status="PASS" starttime="20220210 22:24:08.692" endtime="20220210 22:24:21.773"/>
</test>
<test id="s1-s6-t2" name="Deve Abrir a tela de formulários">
<kw name="Open Session" library="base" type="SETUP">
<kw name="Set Appium Timeout" library="AppiumLibrary">
<arg>5</arg>
<doc>Sets the timeout in seconds used by various keywords.</doc>
<status status="PASS" starttime="20220210 22:24:21.774" endtime="20220210 22:24:21.774"/>
</kw>
<kw name="Open Application" library="AppiumLibrary">
<arg>http://localhost:4723/wd/hub</arg>
<arg>automationName=UiAutomator2</arg>
<arg>platformName=Android</arg>
<arg>deviceName=android_10</arg>
<arg>app=${EXECDIR}/app/twp.apk</arg>
<doc>Opens a new application to given Appium server.
Capabilities of appium server, Android and iOS,
Please check https://github.com/appium/appium/blob/master/docs/en/writing-running-appium/server-args.md
| *Option*            | *Man.* | *Description*     |
| remote_url          | Yes    | Appium server url |
| alias               | no     | alias             |</doc>
<status status="PASS" starttime="20220210 22:24:21.774" endtime="20220210 22:24:25.508"/>
</kw>
<kw name="Get Started" library="helpers">
<kw name="Wait Until Page Contains" library="AppiumLibrary">
<arg>${START}</arg>
<doc>Waits until `text` appears on current page.</doc>
<status status="PASS" starttime="20220210 22:24:25.508" endtime="20220210 22:24:29.924"/>
</kw>
<kw name="Click Text" library="AppiumLibrary">
<arg>${START}</arg>
<doc>Click text identified by ``text``.</doc>
<status status="PASS" starttime="20220210 22:24:29.924" endtime="20220210 22:24:30.025"/>
</kw>
<status status="PASS" starttime="20220210 22:24:25.508" endtime="20220210 22:24:30.025"/>
</kw>
<status status="PASS" starttime="20220210 22:24:21.774" endtime="20220210 22:24:30.025"/>
</kw>
<kw name="Open Nav" library="helpers">
<kw name="Wait Until Element Is Visible" library="AppiumLibrary">
<arg>${HAMBURGUER}</arg>
<doc>Waits until element specified with `locator` is visible.</doc>
<status status="PASS" starttime="20220210 22:24:30.026" endtime="20220210 22:24:30.743"/>
</kw>
<kw name="Click Element" library="AppiumLibrary">
<arg>${HAMBURGUER}</arg>
<doc>Click element identified by `locator`.</doc>
<msg timestamp="20220210 22:24:30.744" level="INFO">Clicking element 'xpath=//android.widget.ImageButton[@content-desc="Open navigation drawer"]'.</msg>
<status status="PASS" starttime="20220210 22:24:30.743" endtime="20220210 22:24:30.831"/>
</kw>
<status status="PASS" starttime="20220210 22:24:30.026" endtime="20220210 22:24:30.832"/>
</kw>
<kw name="Click Text" library="AppiumLibrary">
<arg>FORMS</arg>
<doc>Click text identified by ``text``.</doc>
<status status="PASS" starttime="20220210 22:24:30.832" endtime="20220210 22:24:32.859"/>
</kw>
<kw name="Wait Until Element Is Visible" library="AppiumLibrary">
<arg>${TOOLBAR_TITLE}</arg>
<doc>Waits until element specified with `locator` is visible.</doc>
<status status="PASS" starttime="20220210 22:24:32.859" endtime="20220210 22:24:32.914"/>
</kw>
<kw name="Element Text Should Be" library="AppiumLibrary">
<arg>${TOOLBAR_TITLE}</arg>
<arg>FORMS</arg>
<doc>Verifies element identified by ``locator`` exactly contains text ``expected``.</doc>
<msg timestamp="20220210 22:24:32.916" level="INFO">Verifying element 'io.qaninja.android.twp:id/toolbarTitle' contains exactly text 'FORMS'.</msg>
<status status="PASS" starttime="20220210 22:24:32.914" endtime="20220210 22:24:32.938"/>
</kw>
<kw name="Close Session" library="base" type="TEARDOWN">
<kw name="Capture Page Screenshot" library="AppiumLibrary">
<doc>Takes a screenshot of the current page and embeds it into the log.</doc>
<msg timestamp="20220210 22:24:33.191" level="INFO" html="true">&lt;/td&gt;&lt;/tr&gt;&lt;tr&gt;&lt;td colspan="3"&gt;&lt;a href="appium-screenshot-7.png"&gt;&lt;img src="appium-screenshot-7.png" width="800px"&gt;&lt;/a&gt;</msg>
<status status="PASS" starttime="20220210 22:24:32.938" endtime="20220210 22:24:33.191"/>
</kw>
<kw name="Close Application" library="AppiumLibrary">
<doc>Closes the current application and also close webdriver session.</doc>
<status status="PASS" starttime="20220210 22:24:33.191" endtime="20220210 22:24:33.474"/>
</kw>
<status status="PASS" starttime="20220210 22:24:32.938" endtime="20220210 22:24:33.474"/>
</kw>
<status status="PASS" starttime="20220210 22:24:21.773" endtime="20220210 22:24:33.474"/>
</test>
<test id="s1-s6-t3" name="Deve acessar a tela de vingadores">
<kw name="Open Session" library="base" type="SETUP">
<kw name="Set Appium Timeout" library="AppiumLibrary">
<arg>5</arg>
<doc>Sets the timeout in seconds used by various keywords.</doc>
<status status="PASS" starttime="20220210 22:24:33.475" endtime="20220210 22:24:33.475"/>
</kw>
<kw name="Open Application" library="AppiumLibrary">
<arg>http://localhost:4723/wd/hub</arg>
<arg>automationName=UiAutomator2</arg>
<arg>platformName=Android</arg>
<arg>deviceName=android_10</arg>
<arg>app=${EXECDIR}/app/twp.apk</arg>
<doc>Opens a new application to given Appium server.
Capabilities of appium server, Android and iOS,
Please check https://github.com/appium/appium/blob/master/docs/en/writing-running-appium/server-args.md
| *Option*            | *Man.* | *Description*     |
| remote_url          | Yes    | Appium server url |
| alias               | no     | alias             |</doc>
<status status="PASS" starttime="20220210 22:24:33.475" endtime="20220210 22:24:37.266"/>
</kw>
<kw name="Get Started" library="helpers">
<kw name="Wait Until Page Contains" library="AppiumLibrary">
<arg>${START}</arg>
<doc>Waits until `text` appears on current page.</doc>
<status status="PASS" starttime="20220210 22:24:37.267" endtime="20220210 22:24:41.643"/>
</kw>
<kw name="Click Text" library="AppiumLibrary">
<arg>${START}</arg>
<doc>Click text identified by ``text``.</doc>
<status status="PASS" starttime="20220210 22:24:41.643" endtime="20220210 22:24:41.742"/>
</kw>
<status status="PASS" starttime="20220210 22:24:37.266" endtime="20220210 22:24:41.742"/>
</kw>
<status status="PASS" starttime="20220210 22:24:33.475" endtime="20220210 22:24:41.742"/>
</kw>
<kw name="Open Nav" library="helpers">
<kw name="Wait Until Element Is Visible" library="AppiumLibrary">
<arg>${HAMBURGUER}</arg>
<doc>Waits until element specified with `locator` is visible.</doc>
<status status="PASS" starttime="20220210 22:24:41.743" endtime="20220210 22:24:42.384"/>
</kw>
<kw name="Click Element" library="AppiumLibrary">
<arg>${HAMBURGUER}</arg>
<doc>Click element identified by `locator`.</doc>
<msg timestamp="20220210 22:24:42.386" level="INFO">Clicking element 'xpath=//android.widget.ImageButton[@content-desc="Open navigation drawer"]'.</msg>
<status status="PASS" starttime="20220210 22:24:42.384" endtime="20220210 22:24:42.441"/>
</kw>
<status status="PASS" starttime="20220210 22:24:41.742" endtime="20220210 22:24:42.441"/>
</kw>
<kw name="Click Text" library="AppiumLibrary">
<arg>AVENGERS</arg>
<doc>Click text identified by ``text``.</doc>
<status status="PASS" starttime="20220210 22:24:42.441" endtime="20220210 22:24:43.473"/>
</kw>
<kw name="Wait Until Element Is Visible" library="AppiumLibrary">
<arg>${TOOLBAR_TITLE}</arg>
<doc>Waits until element specified with `locator` is visible.</doc>
<status status="PASS" starttime="20220210 22:24:43.474" endtime="20220210 22:24:44.452"/>
</kw>
<kw name="Element Text Should Be" library="AppiumLibrary">
<arg>${TOOLBAR_TITLE}</arg>
<arg>AVENGERS</arg>
<doc>Verifies element identified by ``locator`` exactly contains text ``expected``.</doc>
<msg timestamp="20220210 22:24:44.456" level="INFO">Verifying element 'io.qaninja.android.twp:id/toolbarTitle' contains exactly text 'AVENGERS'.</msg>
<status status="PASS" starttime="20220210 22:24:44.453" endtime="20220210 22:24:44.484"/>
</kw>
<kw name="Close Session" library="base" type="TEARDOWN">
<kw name="Capture Page Screenshot" library="AppiumLibrary">
<doc>Takes a screenshot of the current page and embeds it into the log.</doc>
<msg timestamp="20220210 22:24:44.803" level="INFO" html="true">&lt;/td&gt;&lt;/tr&gt;&lt;tr&gt;&lt;td colspan="3"&gt;&lt;a href="appium-screenshot-8.png"&gt;&lt;img src="appium-screenshot-8.png" width="800px"&gt;&lt;/a&gt;</msg>
<status status="PASS" starttime="20220210 22:24:44.484" endtime="20220210 22:24:44.804"/>
</kw>
<kw name="Close Application" library="AppiumLibrary">
<doc>Closes the current application and also close webdriver session.</doc>
<status status="PASS" starttime="20220210 22:24:44.804" endtime="20220210 22:24:44.996"/>
</kw>
<status status="PASS" starttime="20220210 22:24:44.484" endtime="20220210 22:24:44.996"/>
</kw>
<status status="PASS" starttime="20220210 22:24:33.474" endtime="20220210 22:24:44.997"/>
</test>
<status status="PASS" starttime="20220210 22:24:08.687" endtime="20220210 22:24:44.997"/>
</suite>
<suite id="s1-s7" name="Radio" source="/media/lucas/ARQUIVOS/dev/robotframework/twp/tests/radio.robot">
<test id="s1-s7-t1" name="Deve selecionar a opção Python">
<kw name="Open Session" library="base" type="SETUP">
<kw name="Set Appium Timeout" library="AppiumLibrary">
<arg>5</arg>
<doc>Sets the timeout in seconds used by various keywords.</doc>
<status status="PASS" starttime="20220210 22:24:45.014" endtime="20220210 22:24:45.014"/>
</kw>
<kw name="Open Application" library="AppiumLibrary">
<arg>http://localhost:4723/wd/hub</arg>
<arg>automationName=UiAutomator2</arg>
<arg>platformName=Android</arg>
<arg>deviceName=android_10</arg>
<arg>app=${EXECDIR}/app/twp.apk</arg>
<doc>Opens a new application to given Appium server.
Capabilities of appium server, Android and iOS,
Please check https://github.com/appium/appium/blob/master/docs/en/writing-running-appium/server-args.md
| *Option*            | *Man.* | *Description*     |
| remote_url          | Yes    | Appium server url |
| alias               | no     | alias             |</doc>
<status status="PASS" starttime="20220210 22:24:45.014" endtime="20220210 22:24:48.772"/>
</kw>
<kw name="Get Started" library="helpers">
<kw name="Wait Until Page Contains" library="AppiumLibrary">
<arg>${START}</arg>
<doc>Waits until `text` appears on current page.</doc>
<status status="PASS" starttime="20220210 22:24:48.772" endtime="20220210 22:24:53.045"/>
</kw>
<kw name="Click Text" library="AppiumLibrary">
<arg>${START}</arg>
<doc>Click text identified by ``text``.</doc>
<status status="PASS" starttime="20220210 22:24:53.045" endtime="20220210 22:24:53.149"/>
</kw>
<status status="PASS" starttime="20220210 22:24:48.772" endtime="20220210 22:24:53.149"/>
</kw>
<status status="PASS" starttime="20220210 22:24:45.013" endtime="20220210 22:24:53.149"/>
</kw>
<kw name="Go To Radion Buttons" library="helpers">
<kw name="Open Nav" library="helpers">
<kw name="Wait Until Element Is Visible" library="AppiumLibrary">
<arg>${HAMBURGUER}</arg>
<doc>Waits until element specified with `locator` is visible.</doc>
<status status="PASS" starttime="20220210 22:24:53.150" endtime="20220210 22:24:53.813"/>
</kw>
<kw name="Click Element" library="AppiumLibrary">
<arg>${HAMBURGUER}</arg>
<doc>Click element identified by `locator`.</doc>
<msg timestamp="20220210 22:24:53.817" level="INFO">Clicking element 'xpath=//android.widget.ImageButton[@content-desc="Open navigation drawer"]'.</msg>
<status status="PASS" starttime="20220210 22:24:53.813" endtime="20220210 22:24:53.890"/>
</kw>
<status status="PASS" starttime="20220210 22:24:53.150" endtime="20220210 22:24:53.890"/>
</kw>
<kw name="Click Text" library="AppiumLibrary">
<arg>INPUTS</arg>
<doc>Click text identified by ``text``.</doc>
<status status="PASS" starttime="20220210 22:24:53.890" endtime="20220210 22:24:55.827"/>
</kw>
<kw name="Wait Until Page Contains" library="AppiumLibrary">
<arg>INPUTS</arg>
<doc>Waits until `text` appears on current page.</doc>
<status status="PASS" starttime="20220210 22:24:55.827" endtime="20220210 22:24:55.920"/>
</kw>
<kw name="Click Text" library="AppiumLibrary">
<arg>BOTÕES DE RADIO</arg>
<doc>Click text identified by ``text``.</doc>
<status status="PASS" starttime="20220210 22:24:55.920" endtime="20220210 22:24:55.987"/>
</kw>
<kw name="Wait Until Page Contains" library="AppiumLibrary">
<arg>Escolha sua linguagem preferida</arg>
<doc>Waits until `text` appears on current page.</doc>
<status status="PASS" starttime="20220210 22:24:55.988" endtime="20220210 22:24:56.731"/>
</kw>
<status status="PASS" starttime="20220210 22:24:53.149" endtime="20220210 22:24:56.731"/>
</kw>
<kw name="Set Variable" library="BuiltIn">
<var>${element}</var>
<arg>xpath=//android.widget.RadioButton[contains(@text, 'Python')]</arg>
<doc>Returns the given values which can then be assigned to a variables.</doc>
<msg timestamp="20220210 22:24:56.732" level="INFO">${element} = xpath=//android.widget.RadioButton[contains(@text, 'Python')]</msg>
<status status="PASS" starttime="20220210 22:24:56.731" endtime="20220210 22:24:56.732"/>
</kw>
<kw name="Click Element" library="AppiumLibrary">
<arg>${element}</arg>
<doc>Click element identified by `locator`.</doc>
<msg timestamp="20220210 22:24:56.733" level="INFO">Clicking element 'xpath=//android.widget.RadioButton[contains(@text, 'Python')]'.</msg>
<status status="PASS" starttime="20220210 22:24:56.732" endtime="20220210 22:24:56.787"/>
</kw>
<kw name="Element Attribute Should Match" library="AppiumLibrary">
<arg>${element}</arg>
<arg>checked</arg>
<arg>true</arg>
<doc>Verify that an attribute of an element matches the expected criteria.</doc>
<msg timestamp="20220210 22:24:57.390" level="INFO">Element 'xpath=//android.widget.RadioButton[contains(@text, 'Python')]' attribute 'checked' is 'true' </msg>
<status status="PASS" starttime="20220210 22:24:56.787" endtime="20220210 22:24:57.390"/>
</kw>
<kw name="Close Session" library="base" type="TEARDOWN">
<kw name="Capture Page Screenshot" library="AppiumLibrary">
<doc>Takes a screenshot of the current page and embeds it into the log.</doc>
<msg timestamp="20220210 22:24:57.688" level="INFO" html="true">&lt;/td&gt;&lt;/tr&gt;&lt;tr&gt;&lt;td colspan="3"&gt;&lt;a href="appium-screenshot-9.png"&gt;&lt;img src="appium-screenshot-9.png" width="800px"&gt;&lt;/a&gt;</msg>
<status status="PASS" starttime="20220210 22:24:57.392" endtime="20220210 22:24:57.688"/>
</kw>
<kw name="Close Application" library="AppiumLibrary">
<doc>Closes the current application and also close webdriver session.</doc>
<status status="PASS" starttime="20220210 22:24:57.688" endtime="20220210 22:24:57.884"/>
</kw>
<status status="PASS" starttime="20220210 22:24:57.391" endtime="20220210 22:24:57.884"/>
</kw>
<status status="PASS" starttime="20220210 22:24:45.013" endtime="20220210 22:24:57.885"/>
</test>
<status status="PASS" starttime="20220210 22:24:44.998" endtime="20220210 22:24:57.886"/>
</suite>
<suite id="s1-s8" name="Spinner" source="/media/lucas/ARQUIVOS/dev/robotframework/twp/tests/spinner.robot">
<test id="s1-s8-t1" name="Deve selecionar o perfil QA">
<kw name="Open Session" library="base" type="SETUP">
<kw name="Set Appium Timeout" library="AppiumLibrary">
<arg>5</arg>
<doc>Sets the timeout in seconds used by various keywords.</doc>
<status status="PASS" starttime="20220210 22:24:57.894" endtime="20220210 22:24:57.895"/>
</kw>
<kw name="Open Application" library="AppiumLibrary">
<arg>http://localhost:4723/wd/hub</arg>
<arg>automationName=UiAutomator2</arg>
<arg>platformName=Android</arg>
<arg>deviceName=android_10</arg>
<arg>app=${EXECDIR}/app/twp.apk</arg>
<doc>Opens a new application to given Appium server.
Capabilities of appium server, Android and iOS,
Please check https://github.com/appium/appium/blob/master/docs/en/writing-running-appium/server-args.md
| *Option*            | *Man.* | *Description*     |
| remote_url          | Yes    | Appium server url |
| alias               | no     | alias             |</doc>
<status status="PASS" starttime="20220210 22:24:57.895" endtime="20220210 22:25:02.470"/>
</kw>
<kw name="Get Started" library="helpers">
<kw name="Wait Until Page Contains" library="AppiumLibrary">
<arg>${START}</arg>
<doc>Waits until `text` appears on current page.</doc>
<status status="PASS" starttime="20220210 22:25:02.471" endtime="20220210 22:25:07.001"/>
</kw>
<kw name="Click Text" library="AppiumLibrary">
<arg>${START}</arg>
<doc>Click text identified by ``text``.</doc>
<status status="PASS" starttime="20220210 22:25:07.001" endtime="20220210 22:25:07.130"/>
</kw>
<status status="PASS" starttime="20220210 22:25:02.471" endtime="20220210 22:25:07.131"/>
</kw>
<status status="PASS" starttime="20220210 22:24:57.894" endtime="20220210 22:25:07.131"/>
</kw>
<kw name="Go To SingUp Form" library="helpers">
<kw name="Open Nav" library="helpers">
<kw name="Wait Until Element Is Visible" library="AppiumLibrary">
<arg>${HAMBURGUER}</arg>
<doc>Waits until element specified with `locator` is visible.</doc>
<status status="PASS" starttime="20220210 22:25:07.139" endtime="20220210 22:25:07.794"/>
</kw>
<kw name="Click Element" library="AppiumLibrary">
<arg>${HAMBURGUER}</arg>
<doc>Click element identified by `locator`.</doc>
<msg timestamp="20220210 22:25:07.799" level="INFO">Clicking element 'xpath=//android.widget.ImageButton[@content-desc="Open navigation drawer"]'.</msg>
<status status="PASS" starttime="20220210 22:25:07.794" endtime="20220210 22:25:07.945"/>
</kw>
<status status="PASS" starttime="20220210 22:25:07.135" endtime="20220210 22:25:07.945"/>
</kw>
<kw name="Click Text" library="AppiumLibrary">
<arg>FORMS</arg>
<doc>Click text identified by ``text``.</doc>
<status status="PASS" starttime="20220210 22:25:07.946" endtime="20220210 22:25:09.875"/>
</kw>
<kw name="Wait Until Page Contains" library="AppiumLibrary">
<arg>FORMS</arg>
<doc>Waits until `text` appears on current page.</doc>
<status status="PASS" starttime="20220210 22:25:09.876" endtime="20220210 22:25:09.961"/>
</kw>
<kw name="Click Text" library="AppiumLibrary">
<arg>CADASTRO</arg>
<doc>Click text identified by ``text``.</doc>
<status status="PASS" starttime="20220210 22:25:09.961" endtime="20220210 22:25:10.012"/>
</kw>
<kw name="Wait Until Page Contains" library="AppiumLibrary">
<arg>Bem-vindo, crie sua conta.</arg>
<doc>Waits until `text` appears on current page.</doc>
<status status="PASS" starttime="20220210 22:25:10.013" endtime="20220210 22:25:10.743"/>
</kw>
<status status="PASS" starttime="20220210 22:25:07.134" endtime="20220210 22:25:10.743"/>
</kw>
<kw name="Choice Job">
<arg>QA</arg>
<kw name="Click Element" library="AppiumLibrary">
<arg>${spinner}</arg>
<doc>Click element identified by `locator`.</doc>
<msg timestamp="20220210 22:25:10.745" level="INFO">Clicking element 'id=io.qaninja.android.twp:id/spinnerJob'.</msg>
<status status="PASS" starttime="20220210 22:25:10.744" endtime="20220210 22:25:10.830"/>
</kw>
<kw name="Wait Until Element Is Visible" library="AppiumLibrary">
<arg>${list_options}</arg>
<doc>Waits until element specified with `locator` is visible.</doc>
<status status="PASS" starttime="20220210 22:25:10.831" endtime="20220210 22:25:11.500"/>
</kw>
<kw name="Click Text" library="AppiumLibrary">
<arg>${target}</arg>
<doc>Click text identified by ``text``.</doc>
<status status="PASS" starttime="20220210 22:25:11.500" endtime="20220210 22:25:12.207"/>
</kw>
<status status="PASS" starttime="20220210 22:25:10.744" endtime="20220210 22:25:12.208"/>
</kw>
<kw name="Close Session" library="base" type="TEARDOWN">
<kw name="Capture Page Screenshot" library="AppiumLibrary">
<doc>Takes a screenshot of the current page and embeds it into the log.</doc>
<msg timestamp="20220210 22:25:12.519" level="INFO" html="true">&lt;/td&gt;&lt;/tr&gt;&lt;tr&gt;&lt;td colspan="3"&gt;&lt;a href="appium-screenshot-10.png"&gt;&lt;img src="appium-screenshot-10.png" width="800px"&gt;&lt;/a&gt;</msg>
<status status="PASS" starttime="20220210 22:25:12.209" endtime="20220210 22:25:12.519"/>
</kw>
<kw name="Close Application" library="AppiumLibrary">
<doc>Closes the current application and also close webdriver session.</doc>
<status status="PASS" starttime="20220210 22:25:12.519" endtime="20220210 22:25:12.736"/>
</kw>
<status status="PASS" starttime="20220210 22:25:12.208" endtime="20220210 22:25:12.737"/>
</kw>
<status status="PASS" starttime="20220210 22:24:57.893" endtime="20220210 22:25:12.737"/>
</test>
<test id="s1-s8-t2" name="Deve selecionar o perfil DevOps">
<kw name="Open Session" library="base" type="SETUP">
<kw name="Set Appium Timeout" library="AppiumLibrary">
<arg>5</arg>
<doc>Sets the timeout in seconds used by various keywords.</doc>
<status status="PASS" starttime="20220210 22:25:12.738" endtime="20220210 22:25:12.738"/>
</kw>
<kw name="Open Application" library="AppiumLibrary">
<arg>http://localhost:4723/wd/hub</arg>
<arg>automationName=UiAutomator2</arg>
<arg>platformName=Android</arg>
<arg>deviceName=android_10</arg>
<arg>app=${EXECDIR}/app/twp.apk</arg>
<doc>Opens a new application to given Appium server.
Capabilities of appium server, Android and iOS,
Please check https://github.com/appium/appium/blob/master/docs/en/writing-running-appium/server-args.md
| *Option*            | *Man.* | *Description*     |
| remote_url          | Yes    | Appium server url |
| alias               | no     | alias             |</doc>
<status status="PASS" starttime="20220210 22:25:12.738" endtime="20220210 22:25:16.793"/>
</kw>
<kw name="Get Started" library="helpers">
<kw name="Wait Until Page Contains" library="AppiumLibrary">
<arg>${START}</arg>
<doc>Waits until `text` appears on current page.</doc>
<status status="PASS" starttime="20220210 22:25:16.794" endtime="20220210 22:25:21.036"/>
</kw>
<kw name="Click Text" library="AppiumLibrary">
<arg>${START}</arg>
<doc>Click text identified by ``text``.</doc>
<status status="PASS" starttime="20220210 22:25:21.037" endtime="20220210 22:25:21.191"/>
</kw>
<status status="PASS" starttime="20220210 22:25:16.794" endtime="20220210 22:25:21.191"/>
</kw>
<status status="PASS" starttime="20220210 22:25:12.737" endtime="20220210 22:25:21.191"/>
</kw>
<kw name="Go To SingUp Form" library="helpers">
<kw name="Open Nav" library="helpers">
<kw name="Wait Until Element Is Visible" library="AppiumLibrary">
<arg>${HAMBURGUER}</arg>
<doc>Waits until element specified with `locator` is visible.</doc>
<status status="PASS" starttime="20220210 22:25:21.192" endtime="20220210 22:25:21.863"/>
</kw>
<kw name="Click Element" library="AppiumLibrary">
<arg>${HAMBURGUER}</arg>
<doc>Click element identified by `locator`.</doc>
<msg timestamp="20220210 22:25:21.864" level="INFO">Clicking element 'xpath=//android.widget.ImageButton[@content-desc="Open navigation drawer"]'.</msg>
<status status="PASS" starttime="20220210 22:25:21.863" endtime="20220210 22:25:21.927"/>
</kw>
<status status="PASS" starttime="20220210 22:25:21.192" endtime="20220210 22:25:21.927"/>
</kw>
<kw name="Click Text" library="AppiumLibrary">
<arg>FORMS</arg>
<doc>Click text identified by ``text``.</doc>
<status status="PASS" starttime="20220210 22:25:21.927" endtime="20220210 22:25:22.938"/>
</kw>
<kw name="Wait Until Page Contains" library="AppiumLibrary">
<arg>FORMS</arg>
<doc>Waits until `text` appears on current page.</doc>
<status status="PASS" starttime="20220210 22:25:22.939" endtime="20220210 22:25:23.129"/>
</kw>
<kw name="Click Text" library="AppiumLibrary">
<arg>CADASTRO</arg>
<doc>Click text identified by ``text``.</doc>
<status status="PASS" starttime="20220210 22:25:23.129" endtime="20220210 22:25:23.948"/>
</kw>
<kw name="Wait Until Page Contains" library="AppiumLibrary">
<arg>Bem-vindo, crie sua conta.</arg>
<doc>Waits until `text` appears on current page.</doc>
<status status="PASS" starttime="20220210 22:25:23.948" endtime="20220210 22:25:24.962"/>
</kw>
<status status="PASS" starttime="20220210 22:25:21.191" endtime="20220210 22:25:24.962"/>
</kw>
<kw name="Choice Job">
<arg>DevOps</arg>
<kw name="Click Element" library="AppiumLibrary">
<arg>${spinner}</arg>
<doc>Click element identified by `locator`.</doc>
<msg timestamp="20220210 22:25:24.964" level="INFO">Clicking element 'id=io.qaninja.android.twp:id/spinnerJob'.</msg>
<status status="PASS" starttime="20220210 22:25:24.963" endtime="20220210 22:25:25.046"/>
</kw>
<kw name="Wait Until Element Is Visible" library="AppiumLibrary">
<arg>${list_options}</arg>
<doc>Waits until element specified with `locator` is visible.</doc>
<status status="PASS" starttime="20220210 22:25:25.046" endtime="20220210 22:25:25.763"/>
</kw>
<kw name="Click Text" library="AppiumLibrary">
<arg>${target}</arg>
<doc>Click text identified by ``text``.</doc>
<status status="PASS" starttime="20220210 22:25:25.763" endtime="20220210 22:25:26.446"/>
</kw>
<status status="PASS" starttime="20220210 22:25:24.963" endtime="20220210 22:25:26.447"/>
</kw>
<kw name="Close Session" library="base" type="TEARDOWN">
<kw name="Capture Page Screenshot" library="AppiumLibrary">
<doc>Takes a screenshot of the current page and embeds it into the log.</doc>
<msg timestamp="20220210 22:25:26.760" level="INFO" html="true">&lt;/td&gt;&lt;/tr&gt;&lt;tr&gt;&lt;td colspan="3"&gt;&lt;a href="appium-screenshot-11.png"&gt;&lt;img src="appium-screenshot-11.png" width="800px"&gt;&lt;/a&gt;</msg>
<status status="PASS" starttime="20220210 22:25:26.449" endtime="20220210 22:25:26.760"/>
</kw>
<kw name="Close Application" library="AppiumLibrary">
<doc>Closes the current application and also close webdriver session.</doc>
<status status="PASS" starttime="20220210 22:25:26.760" endtime="20220210 22:25:27.006"/>
</kw>
<status status="PASS" starttime="20220210 22:25:26.448" endtime="20220210 22:25:27.006"/>
</kw>
<status status="PASS" starttime="20220210 22:25:12.737" endtime="20220210 22:25:27.006"/>
</test>
<status status="PASS" starttime="20220210 22:24:57.887" endtime="20220210 22:25:27.006"/>
</suite>
<suite id="s1-s9" name="Swipe" source="/media/lucas/ARQUIVOS/dev/robotframework/twp/tests/swipe.robot">
<test id="s1-s9-t1" name="Deve remover o Capitao América">
<kw name="Open Session" library="base" type="SETUP">
<kw name="Set Appium Timeout" library="AppiumLibrary">
<arg>5</arg>
<doc>Sets the timeout in seconds used by various keywords.</doc>
<status status="PASS" starttime="20220210 22:25:27.023" endtime="20220210 22:25:27.023"/>
</kw>
<kw name="Open Application" library="AppiumLibrary">
<arg>http://localhost:4723/wd/hub</arg>
<arg>automationName=UiAutomator2</arg>
<arg>platformName=Android</arg>
<arg>deviceName=android_10</arg>
<arg>app=${EXECDIR}/app/twp.apk</arg>
<doc>Opens a new application to given Appium server.
Capabilities of appium server, Android and iOS,
Please check https://github.com/appium/appium/blob/master/docs/en/writing-running-appium/server-args.md
| *Option*            | *Man.* | *Description*     |
| remote_url          | Yes    | Appium server url |
| alias               | no     | alias             |</doc>
<status status="PASS" starttime="20220210 22:25:27.024" endtime="20220210 22:25:30.911"/>
</kw>
<kw name="Get Started" library="helpers">
<kw name="Wait Until Page Contains" library="AppiumLibrary">
<arg>${START}</arg>
<doc>Waits until `text` appears on current page.</doc>
<status status="PASS" starttime="20220210 22:25:30.912" endtime="20220210 22:25:35.098"/>
</kw>
<kw name="Click Text" library="AppiumLibrary">
<arg>${START}</arg>
<doc>Click text identified by ``text``.</doc>
<status status="PASS" starttime="20220210 22:25:35.099" endtime="20220210 22:25:35.177"/>
</kw>
<status status="PASS" starttime="20220210 22:25:30.912" endtime="20220210 22:25:35.178"/>
</kw>
<status status="PASS" starttime="20220210 22:25:27.023" endtime="20220210 22:25:35.178"/>
</kw>
<kw name="Go To Avenger List" library="helpers">
<kw name="Open Nav" library="helpers">
<kw name="Wait Until Element Is Visible" library="AppiumLibrary">
<arg>${HAMBURGUER}</arg>
<doc>Waits until element specified with `locator` is visible.</doc>
<status status="PASS" starttime="20220210 22:25:35.178" endtime="20220210 22:25:35.892"/>
</kw>
<kw name="Click Element" library="AppiumLibrary">
<arg>${HAMBURGUER}</arg>
<doc>Click element identified by `locator`.</doc>
<msg timestamp="20220210 22:25:35.894" level="INFO">Clicking element 'xpath=//android.widget.ImageButton[@content-desc="Open navigation drawer"]'.</msg>
<status status="PASS" starttime="20220210 22:25:35.892" endtime="20220210 22:25:35.956"/>
</kw>
<status status="PASS" starttime="20220210 22:25:35.178" endtime="20220210 22:25:35.956"/>
</kw>
<kw name="Click Text" library="AppiumLibrary">
<arg>AVENGERS</arg>
<doc>Click text identified by ``text``.</doc>
<status status="PASS" starttime="20220210 22:25:35.957" endtime="20220210 22:25:36.965"/>
</kw>
<kw name="Wait Until Page Contains" library="AppiumLibrary">
<arg>AVENGERS</arg>
<doc>Waits until `text` appears on current page.</doc>
<status status="PASS" starttime="20220210 22:25:36.965" endtime="20220210 22:25:37.108"/>
</kw>
<kw name="Click Text" library="AppiumLibrary">
<arg>LISTA</arg>
<doc>Click text identified by ``text``.</doc>
<status status="PASS" starttime="20220210 22:25:37.108" endtime="20220210 22:25:37.969"/>
</kw>
<kw name="Wait Until Page Contains" library="AppiumLibrary">
<arg>LISTA</arg>
<doc>Waits until `text` appears on current page.</doc>
<status status="PASS" starttime="20220210 22:25:37.969" endtime="20220210 22:25:38.953"/>
</kw>
<status status="PASS" starttime="20220210 22:25:35.178" endtime="20220210 22:25:38.954"/>
</kw>
<kw name="Swipe By Percent" library="AppiumLibrary">
<arg>88.88</arg>
<arg>18.22</arg>
<arg>47.22</arg>
<arg>18.22</arg>
<doc>Swipe from one percent of the screen to another percent, for an optional duration.
Normal swipe fails to scale for different screen resolutions, this can be avoided using percent.</doc>
<status status="PASS" starttime="20220210 22:25:38.954" endtime="20220210 22:25:40.286"/>
</kw>
<kw name="Wait Until Element Is Visible" library="AppiumLibrary">
<arg>${btnRemove}</arg>
<doc>Waits until element specified with `locator` is visible.</doc>
<status status="PASS" starttime="20220210 22:25:40.287" endtime="20220210 22:25:40.347"/>
</kw>
<kw name="Click Element" library="AppiumLibrary">
<arg>${btnRemove}</arg>
<doc>Click element identified by `locator`.</doc>
<msg timestamp="20220210 22:25:40.349" level="INFO">Clicking element 'id=io.qaninja.android.twp:id/btnRemove'.</msg>
<status status="PASS" starttime="20220210 22:25:40.347" endtime="20220210 22:25:40.406"/>
</kw>
<kw name="Close Session" library="base" type="TEARDOWN">
<kw name="Capture Page Screenshot" library="AppiumLibrary">
<doc>Takes a screenshot of the current page and embeds it into the log.</doc>
<msg timestamp="20220210 22:25:40.682" level="INFO" html="true">&lt;/td&gt;&lt;/tr&gt;&lt;tr&gt;&lt;td colspan="3"&gt;&lt;a href="appium-screenshot-12.png"&gt;&lt;img src="appium-screenshot-12.png" width="800px"&gt;&lt;/a&gt;</msg>
<status status="PASS" starttime="20220210 22:25:40.406" endtime="20220210 22:25:40.682"/>
</kw>
<kw name="Close Application" library="AppiumLibrary">
<doc>Closes the current application and also close webdriver session.</doc>
<status status="PASS" starttime="20220210 22:25:40.682" endtime="20220210 22:25:40.872"/>
</kw>
<status status="PASS" starttime="20220210 22:25:40.406" endtime="20220210 22:25:40.873"/>
</kw>
<status status="PASS" starttime="20220210 22:25:27.022" endtime="20220210 22:25:40.873"/>
</test>
<status status="PASS" starttime="20220210 22:25:27.007" endtime="20220210 22:25:40.874"/>
</suite>
<status status="PASS" starttime="20220210 22:22:34.184" endtime="20220210 22:25:40.875"/>
</suite>
<statistics>
<total>
<stat pass="13" fail="0" skip="0">All Tests</stat>
</total>
<tag>
<stat pass="1" fail="0" skip="0">long</stat>
<stat pass="1" fail="0" skip="0">short</stat>
</tag>
<suite>
<stat pass="13" fail="0" skip="0" id="s1" name="Tests">Tests</stat>
<stat pass="2" fail="0" skip="0" id="s1-s1" name="Buttons">Tests.Buttons</stat>
<stat pass="1" fail="0" skip="0" id="s1-s2" name="Checkbox">Tests.Checkbox</stat>
<stat pass="1" fail="0" skip="0" id="s1-s3" name="Drag-And-Drop">Tests.Drag-And-Drop</stat>
<stat pass="1" fail="0" skip="0" id="s1-s4" name="Home">Tests.Home</stat>
<stat pass="1" fail="0" skip="0" id="s1-s5" name="Login">Tests.Login</stat>
<stat pass="3" fail="0" skip="0" id="s1-s6" name="Nav">Tests.Nav</stat>
<stat pass="1" fail="0" skip="0" id="s1-s7" name="Radio">Tests.Radio</stat>
<stat pass="2" fail="0" skip="0" id="s1-s8" name="Spinner">Tests.Spinner</stat>
<stat pass="1" fail="0" skip="0" id="s1-s9" name="Swipe">Tests.Swipe</stat>
</suite>
</statistics>
<errors>
</errors>
</robot>
