<?xml version="1.0" encoding="UTF-8"?>
<robot generator="Robot 4.1.3 (Python 3.8.10 on linux)" generated="20220209 00:43:30.356" rpa="false" schemaversion="2">
<suite id="s1" name="Nav" source="/media/lucas/ARQUIVOS/dev/robotframework/twp/nav.robot">
<test id="s1-t1" name="Deve Abrir a tela principal">
<kw name="Open Application" library="AppiumLibrary">
<arg>http://localhost:4723/wd/hub</arg>
<arg>automationName=UiAutomator2</arg>
<arg>platformName=Android</arg>
<arg>deviceName=android_10</arg>
<arg>app=${EXECDIR}/app/twp.apk</arg>
<doc>Opens a new application to given Appium server.
Capabilities of appium server, Android and iOS,
Please check https://github.com/appium/appium/blob/master/docs/en/writing-running-appium/server-args.md
| *Option*            | *Man.* | *Description*     |
| remote_url          | Yes    | Appium server url |
| alias               | no     | alias             |</doc>
<status status="PASS" starttime="20220209 00:43:30.435" endtime="20220209 00:43:35.621"/>
</kw>
<kw name="Wait Until Page Contains" library="AppiumLibrary">
<arg>COMEÇAR</arg>
<doc>Waits until `text` appears on current page.</doc>
<status status="PASS" starttime="20220209 00:43:35.621" endtime="20220209 00:43:39.940"/>
</kw>
<kw name="Click Text" library="AppiumLibrary">
<arg>COMEÇAR</arg>
<doc>Click text identified by ``text``.</doc>
<status status="PASS" starttime="20220209 00:43:39.940" endtime="20220209 00:43:40.025"/>
</kw>
<kw name="Wait Until Element Is Visible" library="AppiumLibrary">
<arg>xpath=//android.widget.ImageButton[@content-desc="Open navigation drawer"]</arg>
<doc>Waits until element specified with `locator` is visible.</doc>
<status status="PASS" starttime="20220209 00:43:40.026" endtime="20220209 00:43:40.686"/>
</kw>
<kw name="Click Element" library="AppiumLibrary">
<arg>xpath=//android.widget.ImageButton[@content-desc="Open navigation drawer"]</arg>
<doc>Click element identified by `locator`.</doc>
<msg timestamp="20220209 00:43:40.688" level="INFO">Clicking element 'xpath=//android.widget.ImageButton[@content-desc="Open navigation drawer"]'.</msg>
<status status="PASS" starttime="20220209 00:43:40.686" endtime="20220209 00:43:40.741"/>
</kw>
<kw name="Click Text" library="AppiumLibrary">
<arg>DIALOGS</arg>
<doc>Click text identified by ``text``.</doc>
<status status="PASS" starttime="20220209 00:43:40.741" endtime="20220209 00:43:42.617"/>
</kw>
<kw name="Wait Until Element Is Visible" library="AppiumLibrary">
<arg>io.qaninja.android.twp:id/toolbarTitle</arg>
<doc>Waits until element specified with `locator` is visible.</doc>
<status status="PASS" starttime="20220209 00:43:42.618" endtime="20220209 00:43:42.640"/>
</kw>
<kw name="Element Text Should Be" library="AppiumLibrary">
<arg>io.qaninja.android.twp:id/toolbarTitle</arg>
<arg>DIALOGS</arg>
<doc>Verifies element identified by ``locator`` exactly contains text ``expected``.</doc>
<msg timestamp="20220209 00:43:42.641" level="INFO">Verifying element 'io.qaninja.android.twp:id/toolbarTitle' contains exactly text 'DIALOGS'.</msg>
<status status="PASS" starttime="20220209 00:43:42.640" endtime="20220209 00:43:42.658"/>
</kw>
<kw name="Close Application" library="AppiumLibrary">
<doc>Closes the current application and also close webdriver session.</doc>
<status status="PASS" starttime="20220209 00:43:42.658" endtime="20220209 00:43:42.901"/>
</kw>
<status status="PASS" starttime="20220209 00:43:30.435" endtime="20220209 00:43:42.902"/>
</test>
<status status="PASS" starttime="20220209 00:43:30.356" endtime="20220209 00:43:42.906"/>
</suite>
<statistics>
<total>
<stat pass="1" fail="0" skip="0">All Tests</stat>
</total>
<tag>
</tag>
<suite>
<stat pass="1" fail="0" skip="0" id="s1" name="Nav">Nav</stat>
</suite>
</statistics>
<errors>
</errors>
</robot>
